   1               		.file	"board.c"
   2               	__SREG__ = 0x3f
   3               	__SP_H__ = 0x3e
   4               	__SP_L__ = 0x3d
   5               	__CCP__  = 0x34
   6               	__tmp_reg__ = 0
   7               	__zero_reg__ = 1
  15               	.Ltext0:
  16               	.global	boardInit
  18               	boardInit:
  19               	.LFB48:
  20               	.LM1:
  21               	/* prologue: function */
  22               	/* frame size = 0 */
  23               	.LM2:
  24 0000 1092 6900 		sts 105,__zero_reg__
  25               	.LM3:
  26 0004 1DBA      		out 61-32,__zero_reg__
  27               	/* epilogue start */
  28               	.LM4:
  29 0006 0895      		ret
  30               	.LFE48:
  56               	.Letext0:
DEFINED SYMBOLS
                            *ABS*:00000000 board.c
C:\DOCUME~1\ADMINI~1\LOCALS~1\Temp/cc3EkVdT.s:2      *ABS*:0000003f __SREG__
C:\DOCUME~1\ADMINI~1\LOCALS~1\Temp/cc3EkVdT.s:3      *ABS*:0000003e __SP_H__
C:\DOCUME~1\ADMINI~1\LOCALS~1\Temp/cc3EkVdT.s:4      *ABS*:0000003d __SP_L__
C:\DOCUME~1\ADMINI~1\LOCALS~1\Temp/cc3EkVdT.s:5      *ABS*:00000034 __CCP__
C:\DOCUME~1\ADMINI~1\LOCALS~1\Temp/cc3EkVdT.s:6      *ABS*:00000000 __tmp_reg__
C:\DOCUME~1\ADMINI~1\LOCALS~1\Temp/cc3EkVdT.s:7      *ABS*:00000001 __zero_reg__
C:\DOCUME~1\ADMINI~1\LOCALS~1\Temp/cc3EkVdT.s:18     .text:00000000 boardInit

NO UNDEFINED SYMBOLS
