   1               		.file	"st7735.c"
   2               	__SREG__ = 0x3f
   3               	__SP_H__ = 0x3e
   4               	__SP_L__ = 0x3d
   5               	__CCP__  = 0x34
   6               	__tmp_reg__ = 0
   7               	__zero_reg__ = 1
  15               	.Ltext0:
  16               	.global	st7735_write_self_color
  18               	st7735_write_self_color:
  19               	.LFB28:
  20               	.LM1:
  21               	.LVL0:
  22               	/* prologue: function */
  23               	/* frame size = 0 */
  24               	.LBB119:
  25               	.LBB120:
  26               	.LM2:
  27 0000 289A      		sbi 37-32,0
  28               	.LBE120:
  29               	.LBE119:
  30               	.LBB121:
  31               	.LBB122:
  32               	.LM3:
  33 0002 2C98      		cbi 37-32,4
  34               	.LBE122:
  35               	.LBE121:
  36               	.LBB123:
  37               	.LBB124:
  38               	.LBB125:
  39               	.LBB126:
  40               	.LM4:
  41 0004 9EBD      		out 78-32,r25
  42               	.LVL1:
  43               	.L2:
  44               	.LM5:
  45 0006 0DB4      		in __tmp_reg__,77-32
  46 0008 07FE      		sbrs __tmp_reg__,7
  47 000a 00C0      		rjmp .L2
  48               	.LBE126:
  49               	.LBE125:
  50               	.LBB127:
  51               	.LBB128:
  52               	.LM6:
  53 000c 8EBD      		out 78-32,r24
  54               	.L3:
  55               	.LM7:
  56 000e 0DB4      		in __tmp_reg__,77-32
  57 0010 07FE      		sbrs __tmp_reg__,7
  58 0012 00C0      		rjmp .L3
  59               	.LBE128:
  60               	.LBE127:
  61               	.LBE124:
  62               	.LBE123:
  63               	.LBB129:
  64               	.LBB130:
  65               	.LM8:
  66 0014 2C9A      		sbi 37-32,4
  67               	/* epilogue start */
  68               	.LBE130:
  69               	.LBE129:
  70               	.LM9:
  71 0016 0895      		ret
  72               	.LFE28:
  74               	.global	st7735_run_command_list
  76               	st7735_run_command_list:
  77               	.LFB30:
  78               	.LM10:
  79               	.LVL2:
  80 0018 CF92      		push r12
  81 001a DF92      		push r13
  82 001c EF92      		push r14
  83 001e FF92      		push r15
  84 0020 0F93      		push r16
  85 0022 1F93      		push r17
  86 0024 CF93      		push r28
  87 0026 DF93      		push r29
  88               	/* prologue: function */
  89               	/* frame size = 0 */
  90 0028 FC01      		movw r30,r24
  91               	.LBB160:
  92               	.LM11:
  93               	/* #APP */
  94               	 ;  78 "st7735.c" 1
  95 002a C490      		lpm r12, Z
  96               		
  97               	 ;  0 "" 2
  98               	.LVL3:
  99               	/* #NOAPP */
 100               	.LBE160:
 101               	.LBB161:
 102               	.LM12:
 103 002c CC20      		tst r12
 104 002e 01F4      		brne .+2
 105 0030 00C0      		rjmp .L20
 106               	.LVL4:
 107               	.LBE161:
 108               	.LBB191:
 109               	.LM13:
 110 0032 7C01      		movw r14,r24
 111 0034 0894      		sec
 112 0036 E11C      		adc r14,__zero_reg__
 113 0038 F11C      		adc r15,__zero_reg__
 114               	.LVL5:
 115 003a DD24      		clr r13
 116               	.LVL6:
 117               	.L19:
 118               	.LBE191:
 119               	.LBB192:
 120               	.LBB189:
 121               	.LM14:
 122 003c 9701      		movw r18,r14
 123 003e 2F5F      		subi r18,lo8(-(1))
 124 0040 3F4F      		sbci r19,hi8(-(1))
 125               	.LVL7:
 126 0042 F701      		movw r30,r14
 127               	.LVL8:
 128               	/* #APP */
 129               	 ;  80 "st7735.c" 1
 130 0044 8491      		lpm r24, Z
 131               		
 132               	 ;  0 "" 2
 133               	.LVL9:
 134               	/* #NOAPP */
 135               	.LBE189:
 136               	.LBB179:
 137               	.LBB180:
 138               	.LBB181:
 139               	.LBB182:
 140               	.LM15:
 141 0046 2898      		cbi 37-32,0
 142               	.LBE182:
 143               	.LBE181:
 144               	.LBB183:
 145               	.LBB184:
 146               	.LM16:
 147 0048 2C98      		cbi 37-32,4
 148               	.LBE184:
 149               	.LBE183:
 150               	.LBB185:
 151               	.LBB186:
 152               	.LM17:
 153 004a 8EBD      		out 78-32,r24
 154               	.LVL10:
 155               	.L10:
 156               	.LM18:
 157 004c 0DB4      		in __tmp_reg__,77-32
 158 004e 07FE      		sbrs __tmp_reg__,7
 159 0050 00C0      		rjmp .L10
 160               	.LBE186:
 161               	.LBE185:
 162               	.LBB187:
 163               	.LBB188:
 164               	.LM19:
 165 0052 2C9A      		sbi 37-32,4
 166               	.LBE188:
 167               	.LBE187:
 168               	.LBE180:
 169               	.LBE179:
 170               	.LBB178:
 171               	.LM20:
 172 0054 B901      		movw r22,r18
 173 0056 6F5F      		subi r22,lo8(-(1))
 174 0058 7F4F      		sbci r23,hi8(-(1))
 175               	.LVL11:
 176 005a F901      		movw r30,r18
 177               	/* #APP */
 178               	 ;  81 "st7735.c" 1
 179 005c A491      		lpm r26, Z
 180               		
 181               	 ;  0 "" 2
 182               	/* #NOAPP */
 183               	.LBE178:
 184               	.LM21:
 185 005e 8A2F      		mov r24,r26
 186               	.LVL12:
 187 0060 8F77      		andi r24,lo8(127)
 188               	.LBB166:
 189               	.LM22:
 190 0062 01F0      		breq .L26
 191               	.LVL13:
 192 0064 9B01      		movw r18,r22
 193 0066 8150      		subi r24,lo8(-(-1))
 194 0068 482F      		mov r20,r24
 195 006a 50E0      		ldi r21,lo8(0)
 196 006c 4D5F      		subi r20,lo8(-(3))
 197 006e 5F4F      		sbci r21,hi8(-(3))
 198 0070 C701      		movw r24,r14
 199               	.LVL14:
 200 0072 840F      		add r24,r20
 201 0074 951F      		adc r25,r21
 202 0076 4350      		subi r20,lo8(-(-3))
 203 0078 5040      		sbci r21,hi8(-(-3))
 204               	.LVL15:
 205               	.L14:
 206 007a F901      		movw r30,r18
 207               	.LVL16:
 208               	.LBB167:
 209               	.LM23:
 210 007c 2F5F      		subi r18,lo8(-(1))
 211 007e 3F4F      		sbci r19,hi8(-(1))
 212               	/* #APP */
 213               	 ;  85 "st7735.c" 1
 214 0080 E491      		lpm r30, Z
 215               		
 216               	 ;  0 "" 2
 217               	.LVL17:
 218               	/* #NOAPP */
 219               	.LBE167:
 220               	.LBB168:
 221               	.LBB169:
 222               	.LBB170:
 223               	.LBB171:
 224               	.LM24:
 225 0082 289A      		sbi 37-32,0
 226               	.LBE171:
 227               	.LBE170:
 228               	.LBB172:
 229               	.LBB173:
 230               	.LM25:
 231 0084 2C98      		cbi 37-32,4
 232               	.LBE173:
 233               	.LBE172:
 234               	.LBB174:
 235               	.LBB175:
 236               	.LM26:
 237 0086 EEBD      		out 78-32,r30
 238               	.L13:
 239               	.LM27:
 240 0088 0DB4      		in __tmp_reg__,77-32
 241 008a 07FE      		sbrs __tmp_reg__,7
 242 008c 00C0      		rjmp .L13
 243               	.LBE175:
 244               	.LBE174:
 245               	.LBB176:
 246               	.LBB177:
 247               	.LM28:
 248 008e 2C9A      		sbi 37-32,4
 249               	.LBE177:
 250               	.LBE176:
 251               	.LBE169:
 252               	.LBE168:
 253               	.LM29:
 254 0090 2817      		cp r18,r24
 255 0092 3907      		cpc r19,r25
 256 0094 01F4      		brne .L14
 257 0096 4F5F      		subi r20,lo8(-(1))
 258 0098 5F4F      		sbci r21,hi8(-(1))
 259 009a 640F      		add r22,r20
 260 009c 751F      		adc r23,r21
 261               	.LVL18:
 262               	.L26:
 263 009e 7B01      		movw r14,r22
 264               	.LBE166:
 265               	.LM30:
 266 00a0 A7FF      		sbrs r26,7
 267 00a2 00C0      		rjmp .L15
 268               	.LVL19:
 269               	.LBB162:
 270               	.LBB165:
 271               	.LM31:
 272 00a4 7B01      		movw r14,r22
 273 00a6 0894      		sec
 274 00a8 E11C      		adc r14,__zero_reg__
 275 00aa F11C      		adc r15,__zero_reg__
 276 00ac FB01      		movw r30,r22
 277               	.LVL20:
 278               	/* #APP */
 279               	 ;  90 "st7735.c" 1
 280 00ae 8491      		lpm r24, Z
 281               		
 282               	 ;  0 "" 2
 283               	.LVL21:
 284               	/* #NOAPP */
 285               	.LBE165:
 286               	.LM32:
 287 00b0 8F3F      		cpi r24,lo8(-1)
 288 00b2 01F0      		breq .L16
 289               	.LVL22:
 290               	.LBB164:
 291               	.LM33:
 292 00b4 082F      		mov r16,r24
 293 00b6 10E0      		ldi r17,lo8(0)
 294 00b8 0115      		cp r16,__zero_reg__
 295 00ba 1105      		cpc r17,__zero_reg__
 296 00bc 01F0      		breq .L15
 297               	.LBE164:
 298               	.LM34:
 299 00be C0E0      		ldi r28,lo8(0)
 300 00c0 D0E0      		ldi r29,hi8(0)
 301               	.L18:
 302               	.LBB163:
 303               	.LM35:
 304 00c2 64E6      		ldi r22,lo8(100)
 305 00c4 70E0      		ldi r23,hi8(100)
 306 00c6 80E0      		ldi r24,hlo8(100)
 307 00c8 90E0      		ldi r25,hhi8(100)
 308               	.LVL23:
 309 00ca 0E94 0000 		call chThdSleep
 310               	.LVL24:
 311               	.LM36:
 312 00ce 2596      		adiw r28,5
 313 00d0 C017      		cp r28,r16
 314 00d2 D107      		cpc r29,r17
 315 00d4 04F0      		brlt .L18
 316               	.LVL25:
 317               	.L15:
 318               	.LBE163:
 319               	.LBE162:
 320               	.LM37:
 321 00d6 D394      		inc r13
 322 00d8 DC14      		cp r13,r12
 323 00da 00F4      		brsh .+2
 324 00dc 00C0      		rjmp .L19
 325               	.LVL26:
 326               	.L20:
 327               	/* epilogue start */
 328               	.LBE192:
 329               	.LM38:
 330 00de DF91      		pop r29
 331 00e0 CF91      		pop r28
 332               	.LVL27:
 333 00e2 1F91      		pop r17
 334 00e4 0F91      		pop r16
 335 00e6 FF90      		pop r15
 336 00e8 EF90      		pop r14
 337               	.LVL28:
 338 00ea DF90      		pop r13
 339               	.LVL29:
 340 00ec CF90      		pop r12
 341               	.LVL30:
 342 00ee 0895      		ret
 343               	.LVL31:
 344               	.L16:
 345               	.LBB193:
 346               	.LBB190:
 347               	.LM39:
 348 00f0 60E1      		ldi r22,lo8(10000)
 349 00f2 77E2      		ldi r23,hi8(10000)
 350 00f4 80E0      		ldi r24,hlo8(10000)
 351 00f6 90E0      		ldi r25,hhi8(10000)
 352               	.LVL32:
 353 00f8 0E94 0000 		call chThdSleep
 354               	.LVL33:
 355               	.LBE190:
 356               	.LM40:
 357 00fc D394      		inc r13
 358 00fe DC14      		cp r13,r12
 359 0100 00F4      		brsh .+2
 360 0102 00C0      		rjmp .L19
 361 0104 00C0      		rjmp .L20
 362               	.LBE193:
 363               	.LFE30:
 365               	.global	st7735_init
 367               	st7735_init:
 368               	.LFB31:
 369               	.LM41:
 370               	/* prologue: function */
 371               	/* frame size = 0 */
 372               	.LM42:
 373 0106 84B1      		in r24,36-32
 374 0108 8360      		ori r24,lo8(3)
 375 010a 84B9      		out 36-32,r24
 376               	.LBB224:
 377               	.LBB225:
 378               	.LBB226:
 379               	.LBB227:
 380               	.LM43:
 381 010c 2C98      		cbi 37-32,4
 382               	.LBE227:
 383               	.LBE226:
 384               	.LBB228:
 385               	.LBB229:
 386               	.LM44:
 387 010e 299A      		sbi 37-32,1
 388               	.LBE229:
 389               	.LBE228:
 390               	.LM45:
 391 0110 60E1      		ldi r22,lo8(10000)
 392 0112 77E2      		ldi r23,hi8(10000)
 393 0114 80E0      		ldi r24,hlo8(10000)
 394 0116 90E0      		ldi r25,hhi8(10000)
 395 0118 0E94 0000 		call chThdSleep
 396               	.LBB230:
 397               	.LBB231:
 398               	.LM46:
 399 011c 2998      		cbi 37-32,1
 400               	.LBE231:
 401               	.LBE230:
 402               	.LM47:
 403 011e 60E1      		ldi r22,lo8(10000)
 404 0120 77E2      		ldi r23,hi8(10000)
 405 0122 80E0      		ldi r24,hlo8(10000)
 406 0124 90E0      		ldi r25,hhi8(10000)
 407 0126 0E94 0000 		call chThdSleep
 408               	.LBB232:
 409               	.LBB233:
 410               	.LM48:
 411 012a 299A      		sbi 37-32,1
 412               	.LBE233:
 413               	.LBE232:
 414               	.LM49:
 415 012c 60E1      		ldi r22,lo8(10000)
 416 012e 77E2      		ldi r23,hi8(10000)
 417 0130 80E0      		ldi r24,hlo8(10000)
 418 0132 90E0      		ldi r25,hhi8(10000)
 419 0134 0E94 0000 		call chThdSleep
 420               	.LBE225:
 421               	.LBE224:
 422               	.LM50:
 423 0138 80E0      		ldi r24,lo8(st7735_red_init1)
 424 013a 90E0      		ldi r25,hi8(st7735_red_init1)
 425 013c 0E94 0000 		call st7735_run_command_list
 426               	.LM51:
 427 0140 80E0      		ldi r24,lo8(st7735_red_init_red2)
 428 0142 90E0      		ldi r25,hi8(st7735_red_init_red2)
 429 0144 0E94 0000 		call st7735_run_command_list
 430               	.LM52:
 431 0148 80E0      		ldi r24,lo8(st7735_red_init3)
 432 014a 90E0      		ldi r25,hi8(st7735_red_init3)
 433 014c 0E94 0000 		call st7735_run_command_list
 434               	.LBB234:
 435               	.LBB235:
 436               	.LBB236:
 437               	.LBB237:
 438               	.LM53:
 439 0150 2898      		cbi 37-32,0
 440               	.LBE237:
 441               	.LBE236:
 442               	.LBB238:
 443               	.LBB239:
 444               	.LM54:
 445 0152 2C98      		cbi 37-32,4
 446               	.LBE239:
 447               	.LBE238:
 448               	.LBB240:
 449               	.LBB241:
 450               	.LM55:
 451 0154 86E3      		ldi r24,lo8(54)
 452 0156 8EBD      		out 78-32,r24
 453               	.L28:
 454               	.LM56:
 455 0158 0DB4      		in __tmp_reg__,77-32
 456 015a 07FE      		sbrs __tmp_reg__,7
 457 015c 00C0      		rjmp .L28
 458               	.LBE241:
 459               	.LBE240:
 460               	.LBB242:
 461               	.LBB243:
 462               	.LM57:
 463 015e 2C9A      		sbi 37-32,4
 464               	.LBE243:
 465               	.LBE242:
 466               	.LBE235:
 467               	.LBE234:
 468               	.LBB244:
 469               	.LBB245:
 470               	.LBB246:
 471               	.LBB247:
 472               	.LM58:
 473 0160 289A      		sbi 37-32,0
 474               	.LBE247:
 475               	.LBE246:
 476               	.LBB248:
 477               	.LBB249:
 478               	.LM59:
 479 0162 2C98      		cbi 37-32,4
 480               	.LBE249:
 481               	.LBE248:
 482               	.LBB250:
 483               	.LBB251:
 484               	.LM60:
 485 0164 80EC      		ldi r24,lo8(-64)
 486 0166 8EBD      		out 78-32,r24
 487               	.L29:
 488               	.LM61:
 489 0168 0DB4      		in __tmp_reg__,77-32
 490 016a 07FE      		sbrs __tmp_reg__,7
 491 016c 00C0      		rjmp .L29
 492               	.LBE251:
 493               	.LBE250:
 494               	.LBB252:
 495               	.LBB253:
 496               	.LM62:
 497 016e 2C9A      		sbi 37-32,4
 498               	.LBE253:
 499               	.LBE252:
 500               	.LBE245:
 501               	.LBE244:
 502               	.LM63:
 503 0170 80E8      		ldi r24,lo8(-128)
 504 0172 8093 0000 		sts st7735_width,r24
 505               	.LM64:
 506 0176 80EA      		ldi r24,lo8(-96)
 507 0178 8093 0000 		sts st7735_height,r24
 508               	/* epilogue start */
 509               	.LM65:
 510 017c 0895      		ret
 511               	.LFE31:
 513               	.global	st7735_set_addr_win
 515               	st7735_set_addr_win:
 516               	.LFB33:
 517               	.LM66:
 518               	.LVL34:
 519               	/* prologue: function */
 520               	/* frame size = 0 */
 521 017e 982F      		mov r25,r24
 522               	.LBB364:
 523               	.LBB365:
 524               	.LBB366:
 525               	.LBB367:
 526               	.LM67:
 527 0180 2898      		cbi 37-32,0
 528               	.LBE367:
 529               	.LBE366:
 530               	.LBB368:
 531               	.LBB369:
 532               	.LM68:
 533 0182 2C98      		cbi 37-32,4
 534               	.LBE369:
 535               	.LBE368:
 536               	.LBB370:
 537               	.LBB371:
 538               	.LM69:
 539 0184 8AE2      		ldi r24,lo8(42)
 540               	.LVL35:
 541 0186 8EBD      		out 78-32,r24
 542               	.L34:
 543               	.LM70:
 544 0188 0DB4      		in __tmp_reg__,77-32
 545 018a 07FE      		sbrs __tmp_reg__,7
 546 018c 00C0      		rjmp .L34
 547               	.LBE371:
 548               	.LBE370:
 549               	.LBB372:
 550               	.LBB373:
 551               	.LM71:
 552 018e 2C9A      		sbi 37-32,4
 553               	.LBE373:
 554               	.LBE372:
 555               	.LBE365:
 556               	.LBE364:
 557               	.LBB374:
 558               	.LBB375:
 559               	.LBB376:
 560               	.LBB377:
 561               	.LM72:
 562 0190 289A      		sbi 37-32,0
 563               	.LBE377:
 564               	.LBE376:
 565               	.LBB378:
 566               	.LBB379:
 567               	.LM73:
 568 0192 2C98      		cbi 37-32,4
 569               	.LBE379:
 570               	.LBE378:
 571               	.LBB380:
 572               	.LBB381:
 573               	.LM74:
 574 0194 1EBC      		out 78-32,__zero_reg__
 575               	.L35:
 576               	.LM75:
 577 0196 0DB4      		in __tmp_reg__,77-32
 578 0198 07FE      		sbrs __tmp_reg__,7
 579 019a 00C0      		rjmp .L35
 580               	.LBE381:
 581               	.LBE380:
 582               	.LBB382:
 583               	.LBB383:
 584               	.LM76:
 585 019c 2C9A      		sbi 37-32,4
 586               	.LBE383:
 587               	.LBE382:
 588               	.LBE375:
 589               	.LBE374:
 590               	.LM77:
 591 019e 8091 0000 		lds r24,st7735_column_start
 592 01a2 980F      		add r25,r24
 593               	.LBB384:
 594               	.LBB385:
 595               	.LBB386:
 596               	.LBB387:
 597               	.LM78:
 598 01a4 289A      		sbi 37-32,0
 599               	.LBE387:
 600               	.LBE386:
 601               	.LBB388:
 602               	.LBB389:
 603               	.LM79:
 604 01a6 2C98      		cbi 37-32,4
 605               	.LBE389:
 606               	.LBE388:
 607               	.LBB390:
 608               	.LBB391:
 609               	.LM80:
 610 01a8 9EBD      		out 78-32,r25
 611               	.L36:
 612               	.LM81:
 613 01aa 0DB4      		in __tmp_reg__,77-32
 614 01ac 07FE      		sbrs __tmp_reg__,7
 615 01ae 00C0      		rjmp .L36
 616               	.LBE391:
 617               	.LBE390:
 618               	.LBB392:
 619               	.LBB393:
 620               	.LM82:
 621 01b0 2C9A      		sbi 37-32,4
 622               	.LBE393:
 623               	.LBE392:
 624               	.LBE385:
 625               	.LBE384:
 626               	.LBB394:
 627               	.LBB395:
 628               	.LBB396:
 629               	.LBB397:
 630               	.LM83:
 631 01b2 289A      		sbi 37-32,0
 632               	.LBE397:
 633               	.LBE396:
 634               	.LBB398:
 635               	.LBB399:
 636               	.LM84:
 637 01b4 2C98      		cbi 37-32,4
 638               	.LBE399:
 639               	.LBE398:
 640               	.LBB400:
 641               	.LBB401:
 642               	.LM85:
 643 01b6 1EBC      		out 78-32,__zero_reg__
 644               	.L37:
 645               	.LM86:
 646 01b8 0DB4      		in __tmp_reg__,77-32
 647 01ba 07FE      		sbrs __tmp_reg__,7
 648 01bc 00C0      		rjmp .L37
 649               	.LBE401:
 650               	.LBE400:
 651               	.LBB402:
 652               	.LBB403:
 653               	.LM87:
 654 01be 2C9A      		sbi 37-32,4
 655               	.LBE403:
 656               	.LBE402:
 657               	.LBE395:
 658               	.LBE394:
 659               	.LM88:
 660 01c0 840F      		add r24,r20
 661               	.LBB404:
 662               	.LBB405:
 663               	.LBB406:
 664               	.LBB407:
 665               	.LM89:
 666 01c2 289A      		sbi 37-32,0
 667               	.LBE407:
 668               	.LBE406:
 669               	.LBB408:
 670               	.LBB409:
 671               	.LM90:
 672 01c4 2C98      		cbi 37-32,4
 673               	.LBE409:
 674               	.LBE408:
 675               	.LBB410:
 676               	.LBB411:
 677               	.LM91:
 678 01c6 8EBD      		out 78-32,r24
 679               	.L38:
 680               	.LM92:
 681 01c8 0DB4      		in __tmp_reg__,77-32
 682 01ca 07FE      		sbrs __tmp_reg__,7
 683 01cc 00C0      		rjmp .L38
 684               	.LBE411:
 685               	.LBE410:
 686               	.LBB412:
 687               	.LBB413:
 688               	.LM93:
 689 01ce 2C9A      		sbi 37-32,4
 690               	.LBE413:
 691               	.LBE412:
 692               	.LBE405:
 693               	.LBE404:
 694               	.LBB414:
 695               	.LBB415:
 696               	.LBB416:
 697               	.LBB417:
 698               	.LM94:
 699 01d0 2898      		cbi 37-32,0
 700               	.LBE417:
 701               	.LBE416:
 702               	.LBB418:
 703               	.LBB419:
 704               	.LM95:
 705 01d2 2C98      		cbi 37-32,4
 706               	.LBE419:
 707               	.LBE418:
 708               	.LBB420:
 709               	.LBB421:
 710               	.LM96:
 711 01d4 8BE2      		ldi r24,lo8(43)
 712 01d6 8EBD      		out 78-32,r24
 713               	.L39:
 714               	.LM97:
 715 01d8 0DB4      		in __tmp_reg__,77-32
 716 01da 07FE      		sbrs __tmp_reg__,7
 717 01dc 00C0      		rjmp .L39
 718               	.LBE421:
 719               	.LBE420:
 720               	.LBB422:
 721               	.LBB423:
 722               	.LM98:
 723 01de 2C9A      		sbi 37-32,4
 724               	.LBE423:
 725               	.LBE422:
 726               	.LBE415:
 727               	.LBE414:
 728               	.LBB424:
 729               	.LBB425:
 730               	.LBB426:
 731               	.LBB427:
 732               	.LM99:
 733 01e0 289A      		sbi 37-32,0
 734               	.LBE427:
 735               	.LBE426:
 736               	.LBB428:
 737               	.LBB429:
 738               	.LM100:
 739 01e2 2C98      		cbi 37-32,4
 740               	.LBE429:
 741               	.LBE428:
 742               	.LBB430:
 743               	.LBB431:
 744               	.LM101:
 745 01e4 1EBC      		out 78-32,__zero_reg__
 746               	.L40:
 747               	.LM102:
 748 01e6 0DB4      		in __tmp_reg__,77-32
 749 01e8 07FE      		sbrs __tmp_reg__,7
 750 01ea 00C0      		rjmp .L40
 751               	.LBE431:
 752               	.LBE430:
 753               	.LBB432:
 754               	.LBB433:
 755               	.LM103:
 756 01ec 2C9A      		sbi 37-32,4
 757               	.LBE433:
 758               	.LBE432:
 759               	.LBE425:
 760               	.LBE424:
 761               	.LM104:
 762 01ee 8091 0000 		lds r24,st7735_row_start
 763 01f2 680F      		add r22,r24
 764               	.LVL36:
 765               	.LBB434:
 766               	.LBB435:
 767               	.LBB436:
 768               	.LBB437:
 769               	.LM105:
 770 01f4 289A      		sbi 37-32,0
 771               	.LBE437:
 772               	.LBE436:
 773               	.LBB438:
 774               	.LBB439:
 775               	.LM106:
 776 01f6 2C98      		cbi 37-32,4
 777               	.LBE439:
 778               	.LBE438:
 779               	.LBB440:
 780               	.LBB441:
 781               	.LM107:
 782 01f8 6EBD      		out 78-32,r22
 783               	.L41:
 784               	.LM108:
 785 01fa 0DB4      		in __tmp_reg__,77-32
 786 01fc 07FE      		sbrs __tmp_reg__,7
 787 01fe 00C0      		rjmp .L41
 788               	.LBE441:
 789               	.LBE440:
 790               	.LBB442:
 791               	.LBB443:
 792               	.LM109:
 793 0200 2C9A      		sbi 37-32,4
 794               	.LBE443:
 795               	.LBE442:
 796               	.LBE435:
 797               	.LBE434:
 798               	.LBB444:
 799               	.LBB445:
 800               	.LBB446:
 801               	.LBB447:
 802               	.LM110:
 803 0202 289A      		sbi 37-32,0
 804               	.LBE447:
 805               	.LBE446:
 806               	.LBB448:
 807               	.LBB449:
 808               	.LM111:
 809 0204 2C98      		cbi 37-32,4
 810               	.LBE449:
 811               	.LBE448:
 812               	.LBB450:
 813               	.LBB451:
 814               	.LM112:
 815 0206 1EBC      		out 78-32,__zero_reg__
 816               	.L42:
 817               	.LM113:
 818 0208 0DB4      		in __tmp_reg__,77-32
 819 020a 07FE      		sbrs __tmp_reg__,7
 820 020c 00C0      		rjmp .L42
 821               	.LBE451:
 822               	.LBE450:
 823               	.LBB452:
 824               	.LBB453:
 825               	.LM114:
 826 020e 2C9A      		sbi 37-32,4
 827               	.LBE453:
 828               	.LBE452:
 829               	.LBE445:
 830               	.LBE444:
 831               	.LM115:
 832 0210 820F      		add r24,r18
 833               	.LBB454:
 834               	.LBB455:
 835               	.LBB456:
 836               	.LBB457:
 837               	.LM116:
 838 0212 289A      		sbi 37-32,0
 839               	.LBE457:
 840               	.LBE456:
 841               	.LBB458:
 842               	.LBB459:
 843               	.LM117:
 844 0214 2C98      		cbi 37-32,4
 845               	.LBE459:
 846               	.LBE458:
 847               	.LBB460:
 848               	.LBB461:
 849               	.LM118:
 850 0216 8EBD      		out 78-32,r24
 851               	.L43:
 852               	.LM119:
 853 0218 0DB4      		in __tmp_reg__,77-32
 854 021a 07FE      		sbrs __tmp_reg__,7
 855 021c 00C0      		rjmp .L43
 856               	.LBE461:
 857               	.LBE460:
 858               	.LBB462:
 859               	.LBB463:
 860               	.LM120:
 861 021e 2C9A      		sbi 37-32,4
 862               	.LBE463:
 863               	.LBE462:
 864               	.LBE455:
 865               	.LBE454:
 866               	.LBB464:
 867               	.LBB465:
 868               	.LBB466:
 869               	.LBB467:
 870               	.LM121:
 871 0220 2898      		cbi 37-32,0
 872               	.LBE467:
 873               	.LBE466:
 874               	.LBB468:
 875               	.LBB469:
 876               	.LM122:
 877 0222 2C98      		cbi 37-32,4
 878               	.LBE469:
 879               	.LBE468:
 880               	.LBB470:
 881               	.LBB471:
 882               	.LM123:
 883 0224 8CE2      		ldi r24,lo8(44)
 884 0226 8EBD      		out 78-32,r24
 885               	.L44:
 886               	.LM124:
 887 0228 0DB4      		in __tmp_reg__,77-32
 888 022a 07FE      		sbrs __tmp_reg__,7
 889 022c 00C0      		rjmp .L44
 890               	.LBE471:
 891               	.LBE470:
 892               	.LBB472:
 893               	.LBB473:
 894               	.LM125:
 895 022e 2C9A      		sbi 37-32,4
 896               	/* epilogue start */
 897               	.LBE473:
 898               	.LBE472:
 899               	.LBE465:
 900               	.LBE464:
 901               	.LM126:
 902 0230 0895      		ret
 903               	.LFE33:
 905               	.global	st7735_draw_pixel
 907               	st7735_draw_pixel:
 908               	.LFB34:
 909               	.LM127:
 910               	.LVL37:
 911 0232 0F93      		push r16
 912 0234 1F93      		push r17
 913               	/* prologue: function */
 914               	/* frame size = 0 */
 915 0236 FC01      		movw r30,r24
 916 0238 8A01      		movw r16,r20
 917               	.LVL38:
 918               	.LM128:
 919 023a 97FD      		sbrc r25,7
 920 023c 00C0      		rjmp .L61
 921 023e 8091 0000 		lds r24,st7735_width
 922               	.LVL39:
 923 0242 90E0      		ldi r25,lo8(0)
 924 0244 E817      		cp r30,r24
 925 0246 F907      		cpc r31,r25
 926 0248 04F4      		brge .L61
 927 024a 77FD      		sbrc r23,7
 928 024c 00C0      		rjmp .L61
 929 024e 8091 0000 		lds r24,st7735_height
 930 0252 90E0      		ldi r25,lo8(0)
 931 0254 6817      		cp r22,r24
 932 0256 7907      		cpc r23,r25
 933 0258 04F0      		brlt .L64
 934               	.LVL40:
 935               	.L61:
 936               	/* epilogue start */
 937               	.LM129:
 938 025a 1F91      		pop r17
 939 025c 0F91      		pop r16
 940 025e 0895      		ret
 941               	.LVL41:
 942               	.L64:
 943               	.LM130:
 944 0260 4E2F      		mov r20,r30
 945               	.LVL42:
 946 0262 4F5F      		subi r20,lo8(-(1))
 947 0264 262F      		mov r18,r22
 948               	.LVL43:
 949 0266 2F5F      		subi r18,lo8(-(1))
 950 0268 8E2F      		mov r24,r30
 951               	.LVL44:
 952 026a 0E94 0000 		call st7735_set_addr_win
 953               	.LVL45:
 954               	.LBB474:
 955               	.LBB475:
 956               	.LM131:
 957 026e 289A      		sbi 37-32,0
 958               	.LBE475:
 959               	.LBE474:
 960               	.LBB476:
 961               	.LBB477:
 962               	.LM132:
 963 0270 2C98      		cbi 37-32,4
 964               	.LBE477:
 965               	.LBE476:
 966               	.LBB478:
 967               	.LBB479:
 968               	.LBB480:
 969               	.LBB481:
 970               	.LM133:
 971 0272 1EBD      		out 78-32,r17
 972               	.LVL46:
 973               	.L59:
 974               	.LM134:
 975 0274 0DB4      		in __tmp_reg__,77-32
 976 0276 07FE      		sbrs __tmp_reg__,7
 977 0278 00C0      		rjmp .L59
 978               	.LBE481:
 979               	.LBE480:
 980               	.LBB482:
 981               	.LBB483:
 982               	.LM135:
 983 027a 0EBD      		out 78-32,r16
 984               	.LVL47:
 985               	.L60:
 986               	.LM136:
 987 027c 0DB4      		in __tmp_reg__,77-32
 988 027e 07FE      		sbrs __tmp_reg__,7
 989 0280 00C0      		rjmp .L60
 990               	.LBE483:
 991               	.LBE482:
 992               	.LBE479:
 993               	.LBE478:
 994               	.LBB484:
 995               	.LBB485:
 996               	.LM137:
 997 0282 2C9A      		sbi 37-32,4
 998               	.LBE485:
 999               	.LBE484:
 1000               	.LM138:
 1001 0284 1F91      		pop r17
 1002               	.LVL48:
 1003 0286 0F91      		pop r16
 1004               	.LVL49:
 1005 0288 0895      		ret
 1006               	.LFE34:
 1008               	.global	st7735_fill_rect
 1010               	st7735_fill_rect:
 1011               	.LFB35:
 1012               	.LM139:
 1013               	.LVL50:
 1014 028a EF92      		push r14
 1015 028c FF92      		push r15
 1016 028e 0F93      		push r16
 1017               	.LVL51:
 1018 0290 1F93      		push r17
 1019               	/* prologue: function */
 1020               	/* frame size = 0 */
 1021 0292 782F      		mov r23,r24
 1022 0294 F42E      		mov r15,r20
 1023 0296 E22E      		mov r14,r18
 1024               	.LM140:
 1025 0298 4091 0000 		lds r20,st7735_width
 1026               	.LVL52:
 1027 029c 8417      		cp r24,r20
 1028 029e 00F4      		brsh .L75
 1029               	.LVL53:
 1030 02a0 5091 0000 		lds r21,st7735_height
 1031 02a4 6517      		cp r22,r21
 1032 02a6 00F4      		brsh .L75
 1033               	.LM141:
 1034 02a8 90E0      		ldi r25,lo8(0)
 1035               	.LVL54:
 1036 02aa 8F0D      		add r24,r15
 1037 02ac 911D      		adc r25,__zero_reg__
 1038               	.LVL55:
 1039 02ae 242F      		mov r18,r20
 1040 02b0 30E0      		ldi r19,lo8(0)
 1041 02b2 2817      		cp r18,r24
 1042 02b4 3907      		cpc r19,r25
 1043 02b6 04F4      		brge .L67
 1044               	.LM142:
 1045 02b8 F42E      		mov r15,r20
 1046 02ba F71A      		sub r15,r23
 1047               	.L67:
 1048               	.LM143:
 1049 02bc 862F      		mov r24,r22
 1050               	.LVL56:
 1051 02be 90E0      		ldi r25,lo8(0)
 1052               	.LVL57:
 1053 02c0 8E0D      		add r24,r14
 1054 02c2 911D      		adc r25,__zero_reg__
 1055               	.LVL58:
 1056 02c4 252F      		mov r18,r21
 1057 02c6 30E0      		ldi r19,lo8(0)
 1058 02c8 2817      		cp r18,r24
 1059 02ca 3907      		cpc r19,r25
 1060 02cc 04F0      		brlt .L79
 1061               	.LVL59:
 1062               	.L68:
 1063               	.LM144:
 1064 02ce 472F      		mov r20,r23
 1065 02d0 4150      		subi r20,lo8(-(-1))
 1066 02d2 4F0D      		add r20,r15
 1067 02d4 262F      		mov r18,r22
 1068 02d6 2150      		subi r18,lo8(-(-1))
 1069 02d8 2E0D      		add r18,r14
 1070 02da 872F      		mov r24,r23
 1071               	.LVL60:
 1072 02dc 0E94 0000 		call st7735_set_addr_win
 1073               	.LVL61:
 1074               	.LBB486:
 1075               	.LBB487:
 1076               	.LM145:
 1077 02e0 289A      		sbi 37-32,0
 1078               	.LBE487:
 1079               	.LBE486:
 1080               	.LBB488:
 1081               	.LBB489:
 1082               	.LM146:
 1083 02e2 2C98      		cbi 37-32,4
 1084               	.LBE489:
 1085               	.LBE488:
 1086               	.LBB490:
 1087               	.LM147:
 1088 02e4 EE20      		tst r14
 1089 02e6 01F0      		breq .L69
 1090 02e8 90E0      		ldi r25,lo8(0)
 1091               	.LVL62:
 1092               	.L70:
 1093               	.LBB491:
 1094               	.LM148:
 1095 02ea FF20      		tst r15
 1096 02ec 01F0      		breq .L74
 1097 02ee 80E0      		ldi r24,lo8(0)
 1098               	.L73:
 1099               	.LBB492:
 1100               	.LBB493:
 1101               	.LBB494:
 1102               	.LBB495:
 1103               	.LM149:
 1104 02f0 1EBD      		out 78-32,r17
 1105               	.L71:
 1106               	.LM150:
 1107 02f2 0DB4      		in __tmp_reg__,77-32
 1108 02f4 07FE      		sbrs __tmp_reg__,7
 1109 02f6 00C0      		rjmp .L71
 1110               	.LBE495:
 1111               	.LBE494:
 1112               	.LBB496:
 1113               	.LBB497:
 1114               	.LM151:
 1115 02f8 0EBD      		out 78-32,r16
 1116               	.L72:
 1117               	.LM152:
 1118 02fa 0DB4      		in __tmp_reg__,77-32
 1119 02fc 07FE      		sbrs __tmp_reg__,7
 1120 02fe 00C0      		rjmp .L72
 1121               	.LBE497:
 1122               	.LBE496:
 1123               	.LBE493:
 1124               	.LBE492:
 1125               	.LM153:
 1126 0300 8F5F      		subi r24,lo8(-(1))
 1127 0302 8F15      		cp r24,r15
 1128 0304 00F0      		brlo .L73
 1129               	.L74:
 1130               	.LBE491:
 1131               	.LM154:
 1132 0306 9F5F      		subi r25,lo8(-(1))
 1133 0308 9E15      		cp r25,r14
 1134 030a 00F0      		brlo .L70
 1135               	.L69:
 1136               	.LBE490:
 1137               	.LBB498:
 1138               	.LBB499:
 1139               	.LM155:
 1140 030c 2C9A      		sbi 37-32,4
 1141               	.LVL63:
 1142               	.L75:
 1143               	/* epilogue start */
 1144               	.LBE499:
 1145               	.LBE498:
 1146               	.LM156:
 1147 030e 1F91      		pop r17
 1148               	.LVL64:
 1149 0310 0F91      		pop r16
 1150               	.LVL65:
 1151 0312 FF90      		pop r15
 1152               	.LVL66:
 1153 0314 EF90      		pop r14
 1154               	.LVL67:
 1155 0316 0895      		ret
 1156               	.LVL68:
 1157               	.L79:
 1158               	.LM157:
 1159 0318 E52E      		mov r14,r21
 1160 031a E61A      		sub r14,r22
 1161 031c 00C0      		rjmp .L68
 1162               	.LFE35:
 1164               	.global	st7735_draw_bitmap
 1166               	st7735_draw_bitmap:
 1167               	.LFB36:
 1168               	.LM158:
 1169               	.LVL69:
 1170 031e EF92      		push r14
 1171 0320 FF92      		push r15
 1172 0322 0F93      		push r16
 1173 0324 1F93      		push r17
 1174 0326 CF93      		push r28
 1175 0328 DF93      		push r29
 1176               	/* prologue: function */
 1177               	/* frame size = 0 */
 1178 032a 782F      		mov r23,r24
 1179               	.LM159:
 1180 032c 2091 0000 		lds r18,st7735_width
 1181 0330 8217      		cp r24,r18
 1182 0332 00F0      		brlo .+2
 1183 0334 00C0      		rjmp .L89
 1184 0336 A091 0000 		lds r26,st7735_height
 1185 033a 6A17      		cp r22,r26
 1186 033c 00F0      		brlo .+2
 1187 033e 00C0      		rjmp .L89
 1188               	.LBB500:
 1189               	.LM160:
 1190 0340 FA01      		movw r30,r20
 1191               	.LVL70:
 1192               	/* #APP */
 1193               	 ;  307 "st7735.c" 1
 1194 0342 8591      		lpm r24, Z+
 1195 0344 9491      		lpm r25, Z
 1196               		
 1197               	 ;  0 "" 2
 1198               	.LVL71:
 1199               	/* #NOAPP */
 1200               	.LBE500:
 1201 0346 182F      		mov r17,r24
 1202               	.LVL72:
 1203               	.LM161:
 1204 0348 EA01      		movw r28,r20
 1205 034a 2296      		adiw r28,2
 1206               	.LVL73:
 1207               	.LBB501:
 1208               	.LM162:
 1209 034c FE01      		movw r30,r28
 1210               	.LVL74:
 1211               	/* #APP */
 1212               	 ;  309 "st7735.c" 1
 1213 034e E590      		lpm r14, Z+
 1214 0350 F490      		lpm r15, Z
 1215               		
 1216               	 ;  0 "" 2
 1217               	.LVL75:
 1218               	/* #NOAPP */
 1219               	.LBE501:
 1220               	.LM163:
 1221 0352 872F      		mov r24,r23
 1222               	.LVL76:
 1223 0354 90E0      		ldi r25,lo8(0)
 1224               	.LVL77:
 1225 0356 810F      		add r24,r17
 1226 0358 911D      		adc r25,__zero_reg__
 1227               	.LVL78:
 1228 035a 30E0      		ldi r19,lo8(0)
 1229 035c 2817      		cp r18,r24
 1230 035e 3907      		cpc r19,r25
 1231 0360 04F4      		brge .+2
 1232 0362 00C0      		rjmp .L89
 1233               	.LM164:
 1234 0364 0E2D      		mov r16,r14
 1235               	.LVL79:
 1236               	.LM165:
 1237 0366 862F      		mov r24,r22
 1238               	.LVL80:
 1239 0368 90E0      		ldi r25,lo8(0)
 1240               	.LVL81:
 1241 036a 8E0D      		add r24,r14
 1242 036c 911D      		adc r25,__zero_reg__
 1243               	.LVL82:
 1244 036e 2A2F      		mov r18,r26
 1245 0370 30E0      		ldi r19,lo8(0)
 1246 0372 2817      		cp r18,r24
 1247 0374 3907      		cpc r19,r25
 1248 0376 04F0      		brlt .L89
 1249               	.LVL83:
 1250               	.LM166:
 1251 0378 472F      		mov r20,r23
 1252               	.LVL84:
 1253 037a 4150      		subi r20,lo8(-(-1))
 1254 037c 410F      		add r20,r17
 1255 037e 262F      		mov r18,r22
 1256 0380 2150      		subi r18,lo8(-(-1))
 1257 0382 2E0D      		add r18,r14
 1258 0384 872F      		mov r24,r23
 1259               	.LVL85:
 1260 0386 0E94 0000 		call st7735_set_addr_win
 1261               	.LVL86:
 1262               	.LBB502:
 1263               	.LBB503:
 1264               	.LM167:
 1265 038a 289A      		sbi 37-32,0
 1266               	.LBE503:
 1267               	.LBE502:
 1268               	.LBB504:
 1269               	.LBB505:
 1270               	.LM168:
 1271 038c 2C98      		cbi 37-32,4
 1272               	.LBE505:
 1273               	.LBE504:
 1274               	.LBB506:
 1275               	.LM169:
 1276 038e EE20      		tst r14
 1277 0390 01F0      		breq .L82
 1278               	.LBE506:
 1279               	.LM170:
 1280 0392 AE01      		movw r20,r28
 1281 0394 4E5F      		subi r20,lo8(-(2))
 1282 0396 5F4F      		sbci r21,hi8(-(2))
 1283               	.LVL87:
 1284 0398 60E0      		ldi r22,lo8(0)
 1285               	.LVL88:
 1286 039a 1150      		subi r17,lo8(-(-1))
 1287               	.LBB516:
 1288               	.LBB507:
 1289               	.LM171:
 1290 039c A12F      		mov r26,r17
 1291 039e B0E0      		ldi r27,lo8(0)
 1292 03a0 1F5F      		subi r17,lo8(-(1))
 1293 03a2 1196      		adiw r26,1
 1294 03a4 AA0F      		lsl r26
 1295 03a6 BB1F      		rol r27
 1296               	.LVL89:
 1297               	.L83:
 1298 03a8 1123      		tst r17
 1299 03aa 01F0      		breq .L88
 1300 03ac 9A01      		movw r18,r20
 1301 03ae 2A0F      		add r18,r26
 1302 03b0 3B1F      		adc r19,r27
 1303               	.L86:
 1304               	.LBB508:
 1305               	.LBB509:
 1306               	.LM172:
 1307 03b2 FA01      		movw r30,r20
 1308               	/* #APP */
 1309               	 ;  326 "st7735.c" 1
 1310 03b4 8591      		lpm r24, Z+
 1311 03b6 9491      		lpm r25, Z
 1312               		
 1313               	 ;  0 "" 2
 1314               	/* #NOAPP */
 1315               	.LBE509:
 1316               	.LBB510:
 1317               	.LBB511:
 1318               	.LBB512:
 1319               	.LBB513:
 1320               	.LM173:
 1321 03b8 9EBD      		out 78-32,r25
 1322               	.LVL90:
 1323               	.L84:
 1324               	.LM174:
 1325 03ba 0DB4      		in __tmp_reg__,77-32
 1326 03bc 07FE      		sbrs __tmp_reg__,7
 1327 03be 00C0      		rjmp .L84
 1328               	.LBE513:
 1329               	.LBE512:
 1330               	.LBB514:
 1331               	.LBB515:
 1332               	.LM175:
 1333 03c0 8EBD      		out 78-32,r24
 1334               	.L85:
 1335               	.LM176:
 1336 03c2 0DB4      		in __tmp_reg__,77-32
 1337 03c4 07FE      		sbrs __tmp_reg__,7
 1338 03c6 00C0      		rjmp .L85
 1339               	.LBE515:
 1340               	.LBE514:
 1341               	.LBE511:
 1342               	.LBE510:
 1343               	.LM177:
 1344 03c8 4E5F      		subi r20,lo8(-(2))
 1345 03ca 5F4F      		sbci r21,hi8(-(2))
 1346               	.LVL91:
 1347               	.LBE508:
 1348               	.LM178:
 1349 03cc 4217      		cp r20,r18
 1350 03ce 5307      		cpc r21,r19
 1351 03d0 01F4      		brne .L86
 1352               	.L88:
 1353               	.LBE507:
 1354               	.LM179:
 1355 03d2 6F5F      		subi r22,lo8(-(1))
 1356 03d4 6017      		cp r22,r16
 1357 03d6 00F0      		brlo .L83
 1358               	.LVL92:
 1359               	.L82:
 1360               	.LBE516:
 1361               	.LBB517:
 1362               	.LBB518:
 1363               	.LM180:
 1364 03d8 2C9A      		sbi 37-32,4
 1365               	.LVL93:
 1366               	.L89:
 1367               	/* epilogue start */
 1368               	.LBE518:
 1369               	.LBE517:
 1370               	.LM181:
 1371 03da DF91      		pop r29
 1372 03dc CF91      		pop r28
 1373               	.LVL94:
 1374 03de 1F91      		pop r17
 1375               	.LVL95:
 1376 03e0 0F91      		pop r16
 1377               	.LVL96:
 1378 03e2 FF90      		pop r15
 1379 03e4 EF90      		pop r14
 1380               	.LVL97:
 1381 03e6 0895      		ret
 1382               	.LFE36:
 1384               	.global	st7735_draw_mono_bitmap
 1386               	st7735_draw_mono_bitmap:
 1387               	.LFB37:
 1388               	.LM182:
 1389               	.LVL98:
 1390 03e8 BF92      		push r11
 1391 03ea CF92      		push r12
 1392 03ec DF92      		push r13
 1393 03ee EF92      		push r14
 1394 03f0 FF92      		push r15
 1395 03f2 0F93      		push r16
 1396               	.LVL99:
 1397 03f4 1F93      		push r17
 1398 03f6 CF93      		push r28
 1399 03f8 DF93      		push r29
 1400               	/* prologue: function */
 1401               	/* frame size = 0 */
 1402 03fa 782F      		mov r23,r24
 1403 03fc FA01      		movw r30,r20
 1404 03fe C22E      		mov r12,r18
 1405 0400 B32E      		mov r11,r19
 1406               	.LVL100:
 1407 0402 F02E      		mov r15,r16
 1408               	.LVL101:
 1409 0404 E12E      		mov r14,r17
 1410               	.LVL102:
 1411               	.LBB519:
 1412               	.LM183:
 1413 0406 EA01      		movw r28,r20
 1414 0408 2196      		adiw r28,1
 1415               	.LVL103:
 1416               	/* #APP */
 1417               	 ;  336 "st7735.c" 1
 1418 040a 1491      		lpm r17, Z
 1419               		
 1420               	 ;  0 "" 2
 1421               	.LVL104:
 1422               	/* #NOAPP */
 1423               	.LBE519:
 1424               	.LBB520:
 1425               	.LM184:
 1426 040c FE01      		movw r30,r28
 1427               	/* #APP */
 1428               	 ;  337 "st7735.c" 1
 1429 040e D490      		lpm r13, Z
 1430               		
 1431               	 ;  0 "" 2
 1432               	.LVL105:
 1433               	/* #NOAPP */
 1434               	.LBE520:
 1435               	.LM185:
 1436 0410 2091 0000 		lds r18,st7735_width
 1437               	.LVL106:
 1438 0414 8217      		cp r24,r18
 1439 0416 00F0      		brlo .+2
 1440 0418 00C0      		rjmp .L107
 1441               	.LVL107:
 1442 041a 4091 0000 		lds r20,st7735_height
 1443 041e 6417      		cp r22,r20
 1444 0420 00F0      		brlo .+2
 1445 0422 00C0      		rjmp .L107
 1446               	.LM186:
 1447 0424 90E0      		ldi r25,lo8(0)
 1448               	.LVL108:
 1449 0426 810F      		add r24,r17
 1450 0428 911D      		adc r25,__zero_reg__
 1451               	.LVL109:
 1452 042a 30E0      		ldi r19,lo8(0)
 1453 042c 2817      		cp r18,r24
 1454 042e 3907      		cpc r19,r25
 1455 0430 04F4      		brge .+2
 1456 0432 00C0      		rjmp .L107
 1457               	.LM187:
 1458 0434 862F      		mov r24,r22
 1459               	.LVL110:
 1460 0436 90E0      		ldi r25,lo8(0)
 1461               	.LVL111:
 1462 0438 8D0D      		add r24,r13
 1463 043a 911D      		adc r25,__zero_reg__
 1464               	.LVL112:
 1465 043c 242F      		mov r18,r20
 1466 043e 30E0      		ldi r19,lo8(0)
 1467 0440 2817      		cp r18,r24
 1468 0442 3907      		cpc r19,r25
 1469 0444 04F4      		brge .+2
 1470 0446 00C0      		rjmp .L107
 1471               	.LM188:
 1472 0448 472F      		mov r20,r23
 1473               	.LVL113:
 1474 044a 4150      		subi r20,lo8(-(-1))
 1475 044c 410F      		add r20,r17
 1476 044e 262F      		mov r18,r22
 1477 0450 2150      		subi r18,lo8(-(-1))
 1478 0452 2D0D      		add r18,r13
 1479 0454 872F      		mov r24,r23
 1480               	.LVL114:
 1481 0456 0E94 0000 		call st7735_set_addr_win
 1482               	.LVL115:
 1483               	.LBB521:
 1484               	.LBB522:
 1485               	.LM189:
 1486 045a 289A      		sbi 37-32,0
 1487               	.LBE522:
 1488               	.LBE521:
 1489               	.LBB523:
 1490               	.LBB524:
 1491               	.LM190:
 1492 045c 2C98      		cbi 37-32,4
 1493               	.LBE524:
 1494               	.LBE523:
 1495               	.LBB525:
 1496               	.LM191:
 1497 045e DD20      		tst r13
 1498 0460 01F0      		breq .L95
 1499               	.LBE525:
 1500               	.LBB545:
 1501               	.LM192:
 1502 0462 BE01      		movw r22,r28
 1503 0464 6F5F      		subi r22,lo8(-(1))
 1504 0466 7F4F      		sbci r23,hi8(-(1))
 1505               	.LVL116:
 1506               	.LBE545:
 1507               	.LBB546:
 1508               	.LBB526:
 1509               	.LBB535:
 1510               	.LBB537:
 1511               	.LM193:
 1512 0468 A0E0      		ldi r26,lo8(0)
 1513 046a B0E0      		ldi r27,hi8(0)
 1514               	.LVL117:
 1515 046c E0E0      		ldi r30,lo8(0)
 1516               	.LVL118:
 1517 046e 00E0      		ldi r16,lo8(0)
 1518               	.LVL119:
 1519               	.LBE537:
 1520               	.LBE535:
 1521               	.LM194:
 1522 0470 1150      		subi r17,lo8(-(-1))
 1523 0472 C12F      		mov r28,r17
 1524 0474 D0E0      		ldi r29,lo8(0)
 1525 0476 1F5F      		subi r17,lo8(-(1))
 1526 0478 2196      		adiw r28,1
 1527               	.L96:
 1528 047a 1123      		tst r17
 1529 047c 01F0      		breq .L106
 1530               	.LBB534:
 1531               	.LBB536:
 1532               	.LM195:
 1533 047e AD01      		movw r20,r26
 1534               	.L104:
 1535               	.LBE536:
 1536               	.LBE534:
 1537               	.LM196:
 1538 0480 9A01      		movw r18,r20
 1539 0482 2770      		andi r18,lo8(7)
 1540 0484 3070      		andi r19,hi8(7)
 1541 0486 2115      		cp r18,__zero_reg__
 1542 0488 3105      		cpc r19,__zero_reg__
 1543 048a 01F4      		brne .L97
 1544               	.LVL120:
 1545               	.LBB533:
 1546               	.LM197:
 1547 048c FB01      		movw r30,r22
 1548               	.LVL121:
 1549 048e 6F5F      		subi r22,lo8(-(1))
 1550 0490 7F4F      		sbci r23,hi8(-(1))
 1551               	/* #APP */
 1552               	 ;  360 "st7735.c" 1
 1553 0492 E491      		lpm r30, Z
 1554               		
 1555               	 ;  0 "" 2
 1556               	.LVL122:
 1557               	/* #NOAPP */
 1558               	.L97:
 1559               	.LBE533:
 1560               	.LM198:
 1561 0494 8E2F      		mov r24,r30
 1562 0496 90E0      		ldi r25,lo8(0)
 1563 0498 00C0      		rjmp 2f
 1564 049a 9595      	1:	asr r25
 1565 049c 8795      		ror r24
 1566 049e 2A95      	2:	dec r18
 1567 04a0 02F4      		brpl 1b
 1568 04a2 80FF      		sbrs r24,0
 1569 04a4 00C0      		rjmp .L98
 1570               	.LBB527:
 1571               	.LBB528:
 1572               	.LBB529:
 1573               	.LBB530:
 1574               	.LM199:
 1575 04a6 BEBC      		out 78-32,r11
 1576               	.L99:
 1577               	.LM200:
 1578 04a8 0DB4      		in __tmp_reg__,77-32
 1579 04aa 07FE      		sbrs __tmp_reg__,7
 1580 04ac 00C0      		rjmp .L99
 1581               	.LBE530:
 1582               	.LBE529:
 1583               	.LBB531:
 1584               	.LBB532:
 1585               	.LM201:
 1586 04ae CEBC      		out 78-32,r12
 1587               	.L100:
 1588               	.LM202:
 1589 04b0 0DB4      		in __tmp_reg__,77-32
 1590 04b2 07FE      		sbrs __tmp_reg__,7
 1591 04b4 00C0      		rjmp .L100
 1592               	.LBE532:
 1593               	.LBE531:
 1594               	.LBE528:
 1595               	.LBE527:
 1596               	.LM203:
 1597 04b6 4F5F      		subi r20,lo8(-(1))
 1598 04b8 5F4F      		sbci r21,hi8(-(1))
 1599               	.LM204:
 1600 04ba 842F      		mov r24,r20
 1601               	.LVL123:
 1602 04bc 8A1B      		sub r24,r26
 1603               	.LVL124:
 1604 04be 8117      		cp r24,r17
 1605 04c0 00F0      		brlo .L104
 1606               	.L113:
 1607 04c2 AC0F      		add r26,r28
 1608 04c4 BD1F      		adc r27,r29
 1609               	.LVL125:
 1610               	.L106:
 1611               	.LBE526:
 1612               	.LM205:
 1613 04c6 0F5F      		subi r16,lo8(-(1))
 1614 04c8 0D15      		cp r16,r13
 1615 04ca 00F0      		brlo .L96
 1616               	.LVL126:
 1617               	.L95:
 1618               	.LBE546:
 1619               	.LBB547:
 1620               	.LBB548:
 1621               	.LM206:
 1622 04cc 2C9A      		sbi 37-32,4
 1623               	.LVL127:
 1624               	.L107:
 1625               	/* epilogue start */
 1626               	.LBE548:
 1627               	.LBE547:
 1628               	.LM207:
 1629 04ce DF91      		pop r29
 1630 04d0 CF91      		pop r28
 1631               	.LVL128:
 1632 04d2 1F91      		pop r17
 1633               	.LVL129:
 1634 04d4 0F91      		pop r16
 1635               	.LVL130:
 1636 04d6 FF90      		pop r15
 1637               	.LVL131:
 1638 04d8 EF90      		pop r14
 1639               	.LVL132:
 1640 04da DF90      		pop r13
 1641               	.LVL133:
 1642 04dc CF90      		pop r12
 1643               	.LVL134:
 1644 04de BF90      		pop r11
 1645               	.LVL135:
 1646 04e0 0895      		ret
 1647               	.LVL136:
 1648               	.L98:
 1649               	.LBB549:
 1650               	.LBB544:
 1651               	.LBB543:
 1652               	.LBB542:
 1653               	.LBB538:
 1654               	.LBB539:
 1655               	.LM208:
 1656 04e2 EEBC      		out 78-32,r14
 1657               	.L102:
 1658               	.LM209:
 1659 04e4 0DB4      		in __tmp_reg__,77-32
 1660 04e6 07FE      		sbrs __tmp_reg__,7
 1661 04e8 00C0      		rjmp .L102
 1662               	.LBE539:
 1663               	.LBE538:
 1664               	.LBB540:
 1665               	.LBB541:
 1666               	.LM210:
 1667 04ea FEBC      		out 78-32,r15
 1668               	.L103:
 1669               	.LM211:
 1670 04ec 0DB4      		in __tmp_reg__,77-32
 1671 04ee 07FE      		sbrs __tmp_reg__,7
 1672 04f0 00C0      		rjmp .L103
 1673               	.LBE541:
 1674               	.LBE540:
 1675               	.LBE542:
 1676               	.LBE543:
 1677               	.LM212:
 1678 04f2 4F5F      		subi r20,lo8(-(1))
 1679 04f4 5F4F      		sbci r21,hi8(-(1))
 1680               	.LM213:
 1681 04f6 842F      		mov r24,r20
 1682               	.LVL137:
 1683 04f8 8A1B      		sub r24,r26
 1684               	.LVL138:
 1685 04fa 8117      		cp r24,r17
 1686 04fc 00F4      		brsh .+2
 1687 04fe 00C0      		rjmp .L104
 1688 0500 00C0      		rjmp .L113
 1689               	.LBE544:
 1690               	.LBE549:
 1691               	.LFE37:
 1693               	.global	st7735_set_orientation
 1695               	st7735_set_orientation:
 1696               	.LFB32:
 1697               	.LM214:
 1698               	.LVL139:
 1699               	/* prologue: function */
 1700               	/* frame size = 0 */
 1701 0502 982F      		mov r25,r24
 1702               	.LBB600:
 1703               	.LBB601:
 1704               	.LBB602:
 1705               	.LBB603:
 1706               	.LM215:
 1707 0504 2898      		cbi 37-32,0
 1708               	.LBE603:
 1709               	.LBE602:
 1710               	.LBB604:
 1711               	.LBB605:
 1712               	.LM216:
 1713 0506 2C98      		cbi 37-32,4
 1714               	.LBE605:
 1715               	.LBE604:
 1716               	.LBB606:
 1717               	.LBB607:
 1718               	.LM217:
 1719 0508 86E3      		ldi r24,lo8(54)
 1720               	.LVL140:
 1721 050a 8EBD      		out 78-32,r24
 1722               	.L115:
 1723               	.LM218:
 1724 050c 0DB4      		in __tmp_reg__,77-32
 1725 050e 07FE      		sbrs __tmp_reg__,7
 1726 0510 00C0      		rjmp .L115
 1727               	.LBE607:
 1728               	.LBE606:
 1729               	.LBB608:
 1730               	.LBB609:
 1731               	.LM219:
 1732 0512 2C9A      		sbi 37-32,4
 1733               	.LBE609:
 1734               	.LBE608:
 1735               	.LBE601:
 1736               	.LBE600:
 1737               	.LM220:
 1738 0514 9130      		cpi r25,lo8(1)
 1739 0516 01F0      		breq .L118
 1740 0518 9130      		cpi r25,lo8(1)
 1741 051a 00F4      		brsh .L132
 1742               	.LBB610:
 1743               	.LBB611:
 1744               	.LBB612:
 1745               	.LBB613:
 1746               	.LM221:
 1747 051c 289A      		sbi 37-32,0
 1748               	.LBE613:
 1749               	.LBE612:
 1750               	.LBB614:
 1751               	.LBB615:
 1752               	.LM222:
 1753 051e 2C98      		cbi 37-32,4
 1754               	.LBE615:
 1755               	.LBE614:
 1756               	.LBB616:
 1757               	.LBB617:
 1758               	.LM223:
 1759 0520 80EA      		ldi r24,lo8(-96)
 1760 0522 8EBD      		out 78-32,r24
 1761               	.L122:
 1762               	.LM224:
 1763 0524 0DB4      		in __tmp_reg__,77-32
 1764 0526 07FE      		sbrs __tmp_reg__,7
 1765 0528 00C0      		rjmp .L122
 1766               	.LBE617:
 1767               	.LBE616:
 1768               	.LBB618:
 1769               	.LBB619:
 1770               	.LM225:
 1771 052a 2C9A      		sbi 37-32,4
 1772               	.LBE619:
 1773               	.LBE618:
 1774               	.LBE611:
 1775               	.LBE610:
 1776               	.LM226:
 1777 052c 80EA      		ldi r24,lo8(-96)
 1778 052e 8093 0000 		sts st7735_width,r24
 1779               	.LM227:
 1780 0532 80E8      		ldi r24,lo8(-128)
 1781 0534 8093 0000 		sts st7735_height,r24
 1782 0538 0895      		ret
 1783               	.L132:
 1784               	.LM228:
 1785 053a 9230      		cpi r25,lo8(2)
 1786 053c 01F0      		breq .L119
 1787 053e 9330      		cpi r25,lo8(3)
 1788 0540 01F0      		breq .L133
 1789 0542 0895      		ret
 1790               	.L133:
 1791               	.LBB620:
 1792               	.LBB621:
 1793               	.LBB629:
 1794               	.LBB630:
 1795               	.LM229:
 1796 0544 289A      		sbi 37-32,0
 1797               	.LBE630:
 1798               	.LBE629:
 1799               	.LBB627:
 1800               	.LBB628:
 1801               	.LM230:
 1802 0546 2C98      		cbi 37-32,4
 1803               	.LBE628:
 1804               	.LBE627:
 1805               	.LBB625:
 1806               	.LBB626:
 1807               	.LM231:
 1808 0548 1EBC      		out 78-32,__zero_reg__
 1809               	.L123:
 1810               	.LM232:
 1811 054a 0DB4      		in __tmp_reg__,77-32
 1812 054c 07FE      		sbrs __tmp_reg__,7
 1813 054e 00C0      		rjmp .L123
 1814               	.LBE626:
 1815               	.LBE625:
 1816               	.LBB622:
 1817               	.LBB623:
 1818               	.LM233:
 1819 0550 2C9A      		sbi 37-32,4
 1820               	.LBE623:
 1821               	.LBE622:
 1822               	.LBE621:
 1823               	.LBE620:
 1824               	.LM234:
 1825 0552 80E8      		ldi r24,lo8(-128)
 1826 0554 8093 0000 		sts st7735_width,r24
 1827               	.LM235:
 1828 0558 80EA      		ldi r24,lo8(-96)
 1829 055a 8093 0000 		sts st7735_height,r24
 1830 055e 0895      		ret
 1831               	.L118:
 1832               	.LBB633:
 1833               	.LBB634:
 1834               	.LBB635:
 1835               	.LBB636:
 1836               	.LM236:
 1837 0560 289A      		sbi 37-32,0
 1838               	.LBE636:
 1839               	.LBE635:
 1840               	.LBB637:
 1841               	.LBB638:
 1842               	.LM237:
 1843 0562 2C98      		cbi 37-32,4
 1844               	.LBE638:
 1845               	.LBE637:
 1846               	.LBB639:
 1847               	.LBB640:
 1848               	.LM238:
 1849 0564 80EC      		ldi r24,lo8(-64)
 1850 0566 8EBD      		out 78-32,r24
 1851               	.L121:
 1852               	.LM239:
 1853 0568 0DB4      		in __tmp_reg__,77-32
 1854 056a 07FE      		sbrs __tmp_reg__,7
 1855 056c 00C0      		rjmp .L121
 1856               	.LBE640:
 1857               	.LBE639:
 1858               	.LBE634:
 1859               	.LBE633:
 1860               	.LBB641:
 1861               	.LBB632:
 1862               	.LBB631:
 1863               	.LBB624:
 1864               	.LM240:
 1865 056e 2C9A      		sbi 37-32,4
 1866               	.LBE624:
 1867               	.LBE631:
 1868               	.LBE632:
 1869               	.LBE641:
 1870               	.LM241:
 1871 0570 80E8      		ldi r24,lo8(-128)
 1872 0572 8093 0000 		sts st7735_width,r24
 1873               	.LM242:
 1874 0576 80EA      		ldi r24,lo8(-96)
 1875 0578 8093 0000 		sts st7735_height,r24
 1876 057c 0895      		ret
 1877               	.L119:
 1878               	.LBB642:
 1879               	.LBB643:
 1880               	.LBB644:
 1881               	.LBB645:
 1882               	.LM243:
 1883 057e 289A      		sbi 37-32,0
 1884               	.LBE645:
 1885               	.LBE644:
 1886               	.LBB646:
 1887               	.LBB647:
 1888               	.LM244:
 1889 0580 2C98      		cbi 37-32,4
 1890               	.LBE647:
 1891               	.LBE646:
 1892               	.LBB648:
 1893               	.LBB649:
 1894               	.LM245:
 1895 0582 80E6      		ldi r24,lo8(96)
 1896 0584 8EBD      		out 78-32,r24
 1897               	.L124:
 1898               	.LM246:
 1899 0586 0DB4      		in __tmp_reg__,77-32
 1900 0588 07FE      		sbrs __tmp_reg__,7
 1901 058a 00C0      		rjmp .L124
 1902               	.LBE649:
 1903               	.LBE648:
 1904               	.LBB650:
 1905               	.LBB651:
 1906               	.LM247:
 1907 058c 2C9A      		sbi 37-32,4
 1908               	.LBE651:
 1909               	.LBE650:
 1910               	.LBE643:
 1911               	.LBE642:
 1912               	.LM248:
 1913 058e 80EA      		ldi r24,lo8(-96)
 1914 0590 8093 0000 		sts st7735_width,r24
 1915               	.LM249:
 1916 0594 80E8      		ldi r24,lo8(-128)
 1917 0596 8093 0000 		sts st7735_height,r24
 1918 059a 0895      		ret
 1919               	.LFE32:
 1921               	.global	st7735_row_start
 1922               	.global	st7735_row_start
 1923               		.section .bss
 1926               	st7735_row_start:
 1927 0000 00        		.skip 1,0
 1928               	.global	st7735_column_start
 1929               	.global	st7735_column_start
 1932               	st7735_column_start:
 1933 0001 00        		.skip 1,0
 1934               	.global	st7735_width
 1935               	.global	st7735_width
 1938               	st7735_width:
 1939 0002 00        		.skip 1,0
 1940               	.global	st7735_height
 1941               	.global	st7735_height
 1944               	st7735_height:
 1945 0003 00        		.skip 1,0
 1946               	.global	st7735_orientation
 1947               		.data
 1950               	st7735_orientation:
 1951 0000 02        		.byte	2
 1952               		.section	.progmem.data,"a",@progbits
 1955               	st7735_red_init1:
 1956 0000 0F        		.byte	15
 1957 0001 01        		.byte	1
 1958 0002 80        		.byte	-128
 1959 0003 96        		.byte	-106
 1960 0004 11        		.byte	17
 1961 0005 80        		.byte	-128
 1962 0006 FF        		.byte	-1
 1963 0007 B1        		.byte	-79
 1964 0008 03        		.byte	3
 1965 0009 01        		.byte	1
 1966 000a 2C        		.byte	44
 1967 000b 2D        		.byte	45
 1968 000c B2        		.byte	-78
 1969 000d 03        		.byte	3
 1970 000e 01        		.byte	1
 1971 000f 2C        		.byte	44
 1972 0010 2D        		.byte	45
 1973 0011 B3        		.byte	-77
 1974 0012 06        		.byte	6
 1975 0013 01        		.byte	1
 1976 0014 2C        		.byte	44
 1977 0015 2D        		.byte	45
 1978 0016 01        		.byte	1
 1979 0017 2C        		.byte	44
 1980 0018 2D        		.byte	45
 1981 0019 B4        		.byte	-76
 1982 001a 01        		.byte	1
 1983 001b 07        		.byte	7
 1984 001c C0        		.byte	-64
 1985 001d 03        		.byte	3
 1986 001e A2        		.byte	-94
 1987 001f 02        		.byte	2
 1988 0020 84        		.byte	-124
 1989 0021 C1        		.byte	-63
 1990 0022 01        		.byte	1
 1991 0023 C5        		.byte	-59
 1992 0024 C2        		.byte	-62
 1993 0025 02        		.byte	2
 1994 0026 0A        		.byte	10
 1995 0027 00        		.byte	0
 1996 0028 C3        		.byte	-61
 1997 0029 02        		.byte	2
 1998 002a 8A        		.byte	-118
 1999 002b 2A        		.byte	42
 2000 002c C4        		.byte	-60
 2001 002d 02        		.byte	2
 2002 002e 8A        		.byte	-118
 2003 002f EE        		.byte	-18
 2004 0030 C5        		.byte	-59
 2005 0031 01        		.byte	1
 2006 0032 0E        		.byte	14
 2007 0033 20        		.byte	32
 2008 0034 00        		.byte	0
 2009 0035 36        		.byte	54
 2010 0036 01        		.byte	1
 2011 0037 C8        		.byte	-56
 2012 0038 3A        		.byte	58
 2013 0039 01        		.byte	1
 2014 003a 05        		.byte	5
 2017               	st7735_red_init_red2:
 2018 003b 02        		.byte	2
 2019 003c 2A        		.byte	42
 2020 003d 04        		.byte	4
 2021 003e 00        		.byte	0
 2022 003f 00        		.byte	0
 2023 0040 00        		.byte	0
 2024 0041 7F        		.byte	127
 2025 0042 2B        		.byte	43
 2026 0043 04        		.byte	4
 2027 0044 00        		.byte	0
 2028 0045 00        		.byte	0
 2029 0046 00        		.byte	0
 2030 0047 9F        		.byte	-97
 2033               	st7735_red_init3:
 2034 0048 04        		.byte	4
 2035 0049 E0        		.byte	-32
 2036 004a 10        		.byte	16
 2037 004b 02        		.byte	2
 2038 004c 1C        		.byte	28
 2039 004d 07        		.byte	7
 2040 004e 12        		.byte	18
 2041 004f 37        		.byte	55
 2042 0050 32        		.byte	50
 2043 0051 29        		.byte	41
 2044 0052 2D        		.byte	45
 2045 0053 29        		.byte	41
 2046 0054 25        		.byte	37
 2047 0055 2B        		.byte	43
 2048 0056 39        		.byte	57
 2049 0057 00        		.byte	0
 2050 0058 01        		.byte	1
 2051 0059 03        		.byte	3
 2052 005a 10        		.byte	16
 2053 005b E1        		.byte	-31
 2054 005c 10        		.byte	16
 2055 005d 03        		.byte	3
 2056 005e 1D        		.byte	29
 2057 005f 07        		.byte	7
 2058 0060 06        		.byte	6
 2059 0061 2E        		.byte	46
 2060 0062 2C        		.byte	44
 2061 0063 29        		.byte	41
 2062 0064 2D        		.byte	45
 2063 0065 2E        		.byte	46
 2064 0066 2E        		.byte	46
 2065 0067 37        		.byte	55
 2066 0068 3F        		.byte	63
 2067 0069 00        		.byte	0
 2068 006a 00        		.byte	0
 2069 006b 02        		.byte	2
 2070 006c 10        		.byte	16
 2071 006d 13        		.byte	19
 2072 006e 80        		.byte	-128
 2073 006f 0A        		.byte	10
 2074 0070 29        		.byte	41
 2075 0071 80        		.byte	-128
 2076 0072 64        		.byte	100
 2165               	.Letext0:
DEFINED SYMBOLS
                            *ABS*:00000000 st7735.c
C:\DOCUME~1\ADMINI~1\LOCALS~1\Temp/ccOqqIIL.s:2      *ABS*:0000003f __SREG__
C:\DOCUME~1\ADMINI~1\LOCALS~1\Temp/ccOqqIIL.s:3      *ABS*:0000003e __SP_H__
C:\DOCUME~1\ADMINI~1\LOCALS~1\Temp/ccOqqIIL.s:4      *ABS*:0000003d __SP_L__
C:\DOCUME~1\ADMINI~1\LOCALS~1\Temp/ccOqqIIL.s:5      *ABS*:00000034 __CCP__
C:\DOCUME~1\ADMINI~1\LOCALS~1\Temp/ccOqqIIL.s:6      *ABS*:00000000 __tmp_reg__
C:\DOCUME~1\ADMINI~1\LOCALS~1\Temp/ccOqqIIL.s:7      *ABS*:00000001 __zero_reg__
C:\DOCUME~1\ADMINI~1\LOCALS~1\Temp/ccOqqIIL.s:18     .text:00000000 st7735_write_self_color
C:\DOCUME~1\ADMINI~1\LOCALS~1\Temp/ccOqqIIL.s:76     .text:00000018 st7735_run_command_list
C:\DOCUME~1\ADMINI~1\LOCALS~1\Temp/ccOqqIIL.s:367    .text:00000106 st7735_init
C:\DOCUME~1\ADMINI~1\LOCALS~1\Temp/ccOqqIIL.s:1955   .progmem.data:00000000 st7735_red_init1
C:\DOCUME~1\ADMINI~1\LOCALS~1\Temp/ccOqqIIL.s:2017   .progmem.data:0000003b st7735_red_init_red2
C:\DOCUME~1\ADMINI~1\LOCALS~1\Temp/ccOqqIIL.s:2033   .progmem.data:00000048 st7735_red_init3
C:\DOCUME~1\ADMINI~1\LOCALS~1\Temp/ccOqqIIL.s:1938   .bss:00000002 st7735_width
C:\DOCUME~1\ADMINI~1\LOCALS~1\Temp/ccOqqIIL.s:1944   .bss:00000003 st7735_height
C:\DOCUME~1\ADMINI~1\LOCALS~1\Temp/ccOqqIIL.s:515    .text:0000017e st7735_set_addr_win
C:\DOCUME~1\ADMINI~1\LOCALS~1\Temp/ccOqqIIL.s:1932   .bss:00000001 st7735_column_start
C:\DOCUME~1\ADMINI~1\LOCALS~1\Temp/ccOqqIIL.s:1926   .bss:00000000 st7735_row_start
C:\DOCUME~1\ADMINI~1\LOCALS~1\Temp/ccOqqIIL.s:907    .text:00000232 st7735_draw_pixel
C:\DOCUME~1\ADMINI~1\LOCALS~1\Temp/ccOqqIIL.s:1010   .text:0000028a st7735_fill_rect
C:\DOCUME~1\ADMINI~1\LOCALS~1\Temp/ccOqqIIL.s:1166   .text:0000031e st7735_draw_bitmap
C:\DOCUME~1\ADMINI~1\LOCALS~1\Temp/ccOqqIIL.s:1386   .text:000003e8 st7735_draw_mono_bitmap
C:\DOCUME~1\ADMINI~1\LOCALS~1\Temp/ccOqqIIL.s:1695   .text:00000502 st7735_set_orientation
C:\DOCUME~1\ADMINI~1\LOCALS~1\Temp/ccOqqIIL.s:1950   .data:00000000 st7735_orientation

UNDEFINED SYMBOLS
chThdSleep
__do_copy_data
__do_clear_bss
