   1               		.file	"st7735_font.c"
   2               	__SREG__ = 0x3f
   3               	__SP_H__ = 0x3e
   4               	__SP_L__ = 0x3d
   5               	__CCP__  = 0x34
   6               	__tmp_reg__ = 0
   7               	__zero_reg__ = 1
  15               	.Ltext0:
  16               	.global	st7735_setCursor
  18               	st7735_setCursor:
  19               	.LFB9:
  20               	.LM1:
  21               	.LVL0:
  22               	/* prologue: function */
  23               	/* frame size = 0 */
  24               	.LM2:
  25 0000 9093 0000 		sts (cursor_x)+1,r25
  26 0004 8093 0000 		sts cursor_x,r24
  27               	.LM3:
  28 0008 7093 0000 		sts (cursor_y)+1,r23
  29 000c 6093 0000 		sts cursor_y,r22
  30               	/* epilogue start */
  31               	.LM4:
  32 0010 0895      		ret
  33               	.LFE9:
  35               	.global	st7735_setTextSize
  37               	st7735_setTextSize:
  38               	.LFB10:
  39               	.LM5:
  40               	.LVL1:
  41               	/* prologue: function */
  42               	/* frame size = 0 */
  43               	.LM6:
  44 0012 8823      		tst r24
  45 0014 01F4      		brne .L4
  46 0016 81E0      		ldi r24,lo8(1)
  47               	.LVL2:
  48               	.L4:
  49 0018 8093 0000 		sts textsize,r24
  50               	/* epilogue start */
  51               	.LM7:
  52 001c 0895      		ret
  53               	.LFE10:
  55               	.global	st7735_setTextColor
  57               	st7735_setTextColor:
  58               	.LFB11:
  59               	.LM8:
  60               	.LVL3:
  61               	/* prologue: function */
  62               	/* frame size = 0 */
  63               	.LM9:
  64 001e 9093 0000 		sts (textcolor)+1,r25
  65 0022 8093 0000 		sts textcolor,r24
  66               	.LM10:
  67 0026 7093 0000 		sts (textbgcolor)+1,r23
  68 002a 6093 0000 		sts textbgcolor,r22
  69               	/* epilogue start */
  70               	.LM11:
  71 002e 0895      		ret
  72               	.LFE11:
  74               	.global	st7735_setTextWrap
  76               	st7735_setTextWrap:
  77               	.LFB12:
  78               	.LM12:
  79               	.LVL4:
  80               	/* prologue: function */
  81               	/* frame size = 0 */
  82               	.LM13:
  83 0030 8093 0000 		sts wrap,r24
  84               	/* epilogue start */
  85               	.LM14:
  86 0034 0895      		ret
  87               	.LFE12:
  89               	.global	st7735_drawChar
  91               	st7735_drawChar:
  92               	.LFB6:
  93               	.LM15:
  94               	.LVL5:
  95 0036 2F92      		push r2
  96 0038 3F92      		push r3
  97 003a 4F92      		push r4
  98 003c 5F92      		push r5
  99 003e 6F92      		push r6
 100 0040 7F92      		push r7
 101 0042 8F92      		push r8
 102 0044 9F92      		push r9
 103 0046 AF92      		push r10
 104 0048 BF92      		push r11
 105 004a CF92      		push r12
 106 004c DF92      		push r13
 107 004e EF92      		push r14
 108               	.LVL6:
 109 0050 FF92      		push r15
 110 0052 0F93      		push r16
 111               	.LVL7:
 112 0054 1F93      		push r17
 113 0056 DF93      		push r29
 114 0058 CF93      		push r28
 115 005a CDB7      		in r28,__SP_L__
 116 005c DEB7      		in r29,__SP_H__
 117 005e 2E97      		sbiw r28,14
 118 0060 0FB6      		in __tmp_reg__,__SREG__
 119 0062 F894      		cli
 120 0064 DEBF      		out __SP_H__,r29
 121 0066 0FBE      		out __SREG__,__tmp_reg__
 122 0068 CDBF      		out __SP_L__,r28
 123               	/* prologue: function */
 124               	/* frame size = 14 */
 125 006a 9887      		std Y+8,r25
 126 006c 8F83      		std Y+7,r24
 127 006e 7A87      		std Y+10,r23
 128 0070 6987      		std Y+9,r22
 129 0072 5901      		movw r10,r18
 130 0074 4801      		movw r8,r16
 131               	.LVL8:
 132 0076 DE2C      		mov r13,r14
 133               	.LVL9:
 134               	.LM16:
 135 0078 8091 0000 		lds r24,st7735_width
 136               	.LVL10:
 137 007c 90E0      		ldi r25,lo8(0)
 138 007e 2F81      		ldd r18,Y+7
 139 0080 3885      		ldd r19,Y+8
 140               	.LVL11:
 141 0082 2817      		cp r18,r24
 142 0084 3907      		cpc r19,r25
 143 0086 04F0      		brlt .+2
 144 0088 00C0      		rjmp .L24
 145               	.LVL12:
 146 008a 8091 0000 		lds r24,st7735_height
 147 008e 90E0      		ldi r25,lo8(0)
 148 0090 6817      		cp r22,r24
 149 0092 7907      		cpc r23,r25
 150 0094 04F0      		brlt .+2
 151 0096 00C0      		rjmp .L24
 152               	.LVL13:
 153 0098 8E2D      		mov r24,r14
 154 009a 90E0      		ldi r25,lo8(0)
 155 009c 9E83      		std Y+6,r25
 156 009e 8D83      		std Y+5,r24
 157 00a0 880F      		lsl r24
 158 00a2 991F      		rol r25
 159 00a4 880F      		lsl r24
 160 00a6 991F      		rol r25
 161 00a8 AD81      		ldd r26,Y+5
 162 00aa BE81      		ldd r27,Y+6
 163 00ac 8A0F      		add r24,r26
 164 00ae 9B1F      		adc r25,r27
 165 00b0 820F      		add r24,r18
 166 00b2 931F      		adc r25,r19
 167 00b4 1816      		cp __zero_reg__,r24
 168 00b6 1906      		cpc __zero_reg__,r25
 169 00b8 04F0      		brlt .+2
 170 00ba 00C0      		rjmp .L24
 171               	.LVL14:
 172 00bc CD01      		movw r24,r26
 173 00be 880F      		lsl r24
 174 00c0 991F      		rol r25
 175 00c2 880F      		lsl r24
 176 00c4 991F      		rol r25
 177 00c6 880F      		lsl r24
 178 00c8 991F      		rol r25
 179 00ca 860F      		add r24,r22
 180 00cc 971F      		adc r25,r23
 181 00ce 1816      		cp __zero_reg__,r24
 182 00d0 1906      		cpc __zero_reg__,r25
 183 00d2 04F0      		brlt .+2
 184 00d4 00C0      		rjmp .L24
 185 00d6 CD80      		ldd r12,Y+5
 186 00d8 1901      		movw r2,r18
 187 00da 2C83      		std Y+4,r18
 188 00dc 85E0      		ldi r24,lo8(5)
 189 00de 489F      		mul r20,r24
 190 00e0 F001      		movw r30,r0
 191 00e2 1124      		clr r1
 192 00e4 E050      		subi r30,lo8(-(font))
 193 00e6 F040      		sbci r31,hi8(-(font))
 194 00e8 FB83      		std Y+3,r31
 195 00ea EA83      		std Y+2,r30
 196 00ec 6624      		clr r6
 197 00ee 7724      		clr r7
 198 00f0 1982      		std Y+1,__zero_reg__
 199 00f2 2B01      		movw r4,r22
 200 00f4 28E0      		ldi r18,lo8(8)
 201 00f6 30E0      		ldi r19,hi8(8)
 202 00f8 420E      		add r4,r18
 203 00fa 531E      		adc r5,r19
 204               	.LBB2:
 205               	.LBB3:
 206               	.LBB6:
 207               	.LM17:
 208 00fc 3F81      		ldd r19,Y+7
 209 00fe 3B87      		std Y+11,r19
 210 0100 8985      		ldd r24,Y+9
 211 0102 8C87      		std Y+12,r24
 212               	.LVL15:
 213               	.L23:
 214               	.LBE6:
 215               	.LM18:
 216 0104 95E0      		ldi r25,lo8(5)
 217 0106 6916      		cp r6,r25
 218 0108 01F4      		brne .+2
 219 010a 00C0      		rjmp .L26
 220               	.LBB5:
 221               	.LM19:
 222 010c EA81      		ldd r30,Y+2
 223 010e FB81      		ldd r31,Y+3
 224               	/* #APP */
 225               	 ;  287 "st7735_font.c" 1
 226 0110 E490      		lpm r14, Z
 227               		
 228               	 ;  0 "" 2
 229               	/* #NOAPP */
 230               	.L14:
 231               	.LBE5:
 232               	.LBB4:
 233               	.LM20:
 234 0112 FC84      		ldd r15,Y+12
 235 0114 2985      		ldd r18,Y+9
 236 0116 3A85      		ldd r19,Y+10
 237 0118 3E87      		std Y+14,r19
 238 011a 2D87      		std Y+13,r18
 239 011c 00C0      		rjmp .L22
 240               	.LVL16:
 241               	.L28:
 242               	.LM21:
 243 011e 31E0      		ldi r19,lo8(1)
 244 0120 D316      		cp r13,r19
 245 0122 01F4      		brne .+2
 246 0124 00C0      		rjmp .L27
 247               	.LM22:
 248 0126 8091 0000 		lds r24,rotation
 249 012a 80FF      		sbrs r24,0
 250 012c 00C0      		rjmp .L19
 251               	.LM23:
 252 012e 6091 0000 		lds r22,st7735_width
 253 0132 BB85      		ldd r27,Y+11
 254 0134 6B1B      		sub r22,r27
 255 0136 E981      		ldd r30,Y+1
 256 0138 6E1B      		sub r22,r30
 257 013a 6D19      		sub r22,r13
 258 013c 8F2D      		mov r24,r15
 259 013e 4D2D      		mov r20,r13
 260               	.LVL17:
 261 0140 2D2D      		mov r18,r13
 262 0142 8501      		movw r16,r10
 263 0144 0E94 0000 		call st7735_fill_rect
 264               	.LVL18:
 265               	.L18:
 266               	.LM24:
 267 0148 FC0C      		add r15,r12
 268 014a 2D85      		ldd r18,Y+13
 269 014c 3E85      		ldd r19,Y+14
 270 014e 2F5F      		subi r18,lo8(-(1))
 271 0150 3F4F      		sbci r19,hi8(-(1))
 272 0152 3E87      		std Y+14,r19
 273 0154 2D87      		std Y+13,r18
 274               	.LM25:
 275 0156 2415      		cp r18,r4
 276 0158 3505      		cpc r19,r5
 277 015a 01F0      		breq .L21
 278               	.LM26:
 279 015c E694      		lsr r14
 280               	.L22:
 281               	.LM27:
 282 015e E0FC      		sbrc r14,0
 283 0160 00C0      		rjmp .L28
 284               	.LVL19:
 285               	.LM28:
 286 0162 8A14      		cp r8,r10
 287 0164 9B04      		cpc r9,r11
 288 0166 01F0      		breq .L18
 289               	.LM29:
 290 0168 F1E0      		ldi r31,lo8(1)
 291 016a DF16      		cp r13,r31
 292 016c 01F4      		brne .+2
 293 016e 00C0      		rjmp .L29
 294               	.LM30:
 295 0170 8C81      		ldd r24,Y+4
 296 0172 6F2D      		mov r22,r15
 297 0174 4D2D      		mov r20,r13
 298               	.LVL20:
 299 0176 2D2D      		mov r18,r13
 300 0178 8401      		movw r16,r8
 301 017a 0E94 0000 		call st7735_fill_rect
 302 017e 00C0      		rjmp .L18
 303               	.LVL21:
 304               	.L21:
 305               	.LM31:
 306 0180 0894      		sec
 307 0182 611C      		adc r6,__zero_reg__
 308 0184 711C      		adc r7,__zero_reg__
 309 0186 3981      		ldd r19,Y+1
 310 0188 3C0D      		add r19,r12
 311 018a 3983      		std Y+1,r19
 312 018c 0894      		sec
 313 018e 211C      		adc r2,__zero_reg__
 314 0190 311C      		adc r3,__zero_reg__
 315 0192 8C81      		ldd r24,Y+4
 316 0194 8C0D      		add r24,r12
 317 0196 8C83      		std Y+4,r24
 318 0198 AA81      		ldd r26,Y+2
 319 019a BB81      		ldd r27,Y+3
 320 019c 1196      		adiw r26,1
 321 019e BB83      		std Y+3,r27
 322 01a0 AA83      		std Y+2,r26
 323               	.LBE4:
 324               	.LBE3:
 325               	.LM32:
 326 01a2 B6E0      		ldi r27,lo8(6)
 327 01a4 6B16      		cp r6,r27
 328 01a6 7104      		cpc r7,__zero_reg__
 329 01a8 01F0      		breq .+2
 330 01aa 00C0      		rjmp .L23
 331               	.LVL22:
 332               	.L24:
 333               	/* epilogue start */
 334               	.LBE2:
 335               	.LM33:
 336 01ac 2E96      		adiw r28,14
 337 01ae 0FB6      		in __tmp_reg__,__SREG__
 338 01b0 F894      		cli
 339 01b2 DEBF      		out __SP_H__,r29
 340 01b4 0FBE      		out __SREG__,__tmp_reg__
 341 01b6 CDBF      		out __SP_L__,r28
 342 01b8 CF91      		pop r28
 343 01ba DF91      		pop r29
 344 01bc 1F91      		pop r17
 345 01be 0F91      		pop r16
 346 01c0 FF90      		pop r15
 347 01c2 EF90      		pop r14
 348               	.LVL23:
 349 01c4 DF90      		pop r13
 350               	.LVL24:
 351 01c6 CF90      		pop r12
 352 01c8 BF90      		pop r11
 353 01ca AF90      		pop r10
 354               	.LVL25:
 355 01cc 9F90      		pop r9
 356 01ce 8F90      		pop r8
 357               	.LVL26:
 358 01d0 7F90      		pop r7
 359 01d2 6F90      		pop r6
 360 01d4 5F90      		pop r5
 361 01d6 4F90      		pop r4
 362 01d8 3F90      		pop r3
 363 01da 2F90      		pop r2
 364 01dc 0895      		ret
 365               	.LVL27:
 366               	.L19:
 367               	.LBB9:
 368               	.LBB8:
 369               	.LBB7:
 370               	.LM34:
 371 01de 8C81      		ldd r24,Y+4
 372 01e0 6F2D      		mov r22,r15
 373 01e2 4D2D      		mov r20,r13
 374               	.LVL28:
 375 01e4 2D2D      		mov r18,r13
 376 01e6 8501      		movw r16,r10
 377 01e8 0E94 0000 		call st7735_fill_rect
 378 01ec 00C0      		rjmp .L18
 379               	.LVL29:
 380               	.L27:
 381               	.LM35:
 382 01ee 8091 0000 		lds r24,rotation
 383 01f2 80FF      		sbrs r24,0
 384 01f4 00C0      		rjmp .L17
 385               	.LM36:
 386 01f6 6091 0000 		lds r22,st7735_width
 387 01fa 70E0      		ldi r23,lo8(0)
 388 01fc 8F81      		ldd r24,Y+7
 389 01fe 9885      		ldd r25,Y+8
 390 0200 681B      		sub r22,r24
 391 0202 790B      		sbc r23,r25
 392 0204 6619      		sub r22,r6
 393 0206 7709      		sbc r23,r7
 394 0208 AD81      		ldd r26,Y+5
 395 020a BE81      		ldd r27,Y+6
 396 020c 6A1B      		sub r22,r26
 397 020e 7B0B      		sbc r23,r27
 398 0210 8D85      		ldd r24,Y+13
 399 0212 9E85      		ldd r25,Y+14
 400 0214 A501      		movw r20,r10
 401               	.LVL30:
 402 0216 0E94 0000 		call st7735_draw_pixel
 403 021a 00C0      		rjmp .L18
 404               	.LVL31:
 405               	.L29:
 406               	.LM37:
 407 021c C101      		movw r24,r2
 408 021e 6D85      		ldd r22,Y+13
 409 0220 7E85      		ldd r23,Y+14
 410 0222 A401      		movw r20,r8
 411               	.LVL32:
 412 0224 0E94 0000 		call st7735_draw_pixel
 413 0228 00C0      		rjmp .L18
 414               	.LVL33:
 415               	.L17:
 416               	.LM38:
 417 022a C101      		movw r24,r2
 418 022c 6D85      		ldd r22,Y+13
 419 022e 7E85      		ldd r23,Y+14
 420 0230 A501      		movw r20,r10
 421               	.LVL34:
 422 0232 0E94 0000 		call st7735_draw_pixel
 423 0236 00C0      		rjmp .L18
 424               	.LVL35:
 425               	.L26:
 426               	.LBE7:
 427               	.LM39:
 428 0238 EE24      		clr r14
 429 023a 00C0      		rjmp .L14
 430               	.LBE8:
 431               	.LBE9:
 432               	.LFE6:
 434               	.global	st7735_write
 436               	st7735_write:
 437               	.LFB7:
 438               	.LM40:
 439               	.LVL36:
 440 023c EF92      		push r14
 441 023e 0F93      		push r16
 442 0240 1F93      		push r17
 443               	/* prologue: function */
 444               	/* frame size = 0 */
 445 0242 482F      		mov r20,r24
 446               	.LM41:
 447 0244 8A30      		cpi r24,lo8(10)
 448 0246 01F4      		brne .+2
 449 0248 00C0      		rjmp .L34
 450               	.LM42:
 451 024a 8D30      		cpi r24,lo8(13)
 452 024c 01F4      		brne .+2
 453 024e 00C0      		rjmp .L33
 454               	.LM43:
 455 0250 6091 0000 		lds r22,cursor_y
 456 0254 7091 0000 		lds r23,(cursor_y)+1
 457 0258 2091 0000 		lds r18,textcolor
 458 025c 3091 0000 		lds r19,(textcolor)+1
 459 0260 0091 0000 		lds r16,textbgcolor
 460 0264 1091 0000 		lds r17,(textbgcolor)+1
 461 0268 8091 0000 		lds r24,cursor_x
 462 026c 9091 0000 		lds r25,(cursor_x)+1
 463               	.LVL37:
 464 0270 E090 0000 		lds r14,textsize
 465 0274 0E94 0000 		call st7735_drawChar
 466               	.LVL38:
 467               	.LM44:
 468 0278 8091 0000 		lds r24,textsize
 469 027c 682F      		mov r22,r24
 470 027e 70E0      		ldi r23,lo8(0)
 471 0280 9B01      		movw r18,r22
 472 0282 220F      		lsl r18
 473 0284 331F      		rol r19
 474 0286 260F      		add r18,r22
 475 0288 371F      		adc r19,r23
 476 028a 220F      		lsl r18
 477 028c 331F      		rol r19
 478 028e 4091 0000 		lds r20,cursor_x
 479 0292 5091 0000 		lds r21,(cursor_x)+1
 480 0296 420F      		add r20,r18
 481 0298 531F      		adc r21,r19
 482 029a 5093 0000 		sts (cursor_x)+1,r21
 483 029e 4093 0000 		sts cursor_x,r20
 484               	.LM45:
 485 02a2 8091 0000 		lds r24,wrap
 486 02a6 8823      		tst r24
 487 02a8 01F0      		breq .L33
 488 02aa 8091 0000 		lds r24,st7735_width
 489 02ae 90E0      		ldi r25,lo8(0)
 490 02b0 821B      		sub r24,r18
 491 02b2 930B      		sbc r25,r19
 492 02b4 8417      		cp r24,r20
 493 02b6 9507      		cpc r25,r21
 494 02b8 04F4      		brge .L33
 495               	.LM46:
 496 02ba 660F      		lsl r22
 497 02bc 771F      		rol r23
 498 02be 660F      		lsl r22
 499 02c0 771F      		rol r23
 500 02c2 660F      		lsl r22
 501 02c4 771F      		rol r23
 502 02c6 8091 0000 		lds r24,cursor_y
 503 02ca 9091 0000 		lds r25,(cursor_y)+1
 504 02ce 860F      		add r24,r22
 505 02d0 971F      		adc r25,r23
 506 02d2 9093 0000 		sts (cursor_y)+1,r25
 507 02d6 8093 0000 		sts cursor_y,r24
 508               	.LM47:
 509 02da 1092 0000 		sts (cursor_x)+1,__zero_reg__
 510 02de 1092 0000 		sts cursor_x,__zero_reg__
 511               	.LVL39:
 512               	.L33:
 513               	/* epilogue start */
 514               	.LM48:
 515 02e2 1F91      		pop r17
 516 02e4 0F91      		pop r16
 517 02e6 EF90      		pop r14
 518 02e8 0895      		ret
 519               	.L34:
 520               	.LM49:
 521 02ea 2091 0000 		lds r18,textsize
 522 02ee 30E0      		ldi r19,lo8(0)
 523 02f0 220F      		lsl r18
 524 02f2 331F      		rol r19
 525 02f4 220F      		lsl r18
 526 02f6 331F      		rol r19
 527 02f8 220F      		lsl r18
 528 02fa 331F      		rol r19
 529 02fc 8091 0000 		lds r24,cursor_y
 530 0300 9091 0000 		lds r25,(cursor_y)+1
 531               	.LVL40:
 532 0304 820F      		add r24,r18
 533 0306 931F      		adc r25,r19
 534 0308 9093 0000 		sts (cursor_y)+1,r25
 535 030c 8093 0000 		sts cursor_y,r24
 536               	.LM50:
 537 0310 1092 0000 		sts (cursor_x)+1,__zero_reg__
 538 0314 1092 0000 		sts cursor_x,__zero_reg__
 539               	.LM51:
 540 0318 1F91      		pop r17
 541 031a 0F91      		pop r16
 542 031c EF90      		pop r14
 543 031e 0895      		ret
 544               	.LFE7:
 546               	.global	st7735_printf
 548               	st7735_printf:
 549               	.LFB13:
 550               	.LM52:
 551               	.LVL41:
 552               	/* prologue: function */
 553               	/* frame size = 0 */
 554               	.LM53:
 555 0320 0E94 0000 		call st7735_write
 556               	.LVL42:
 557               	.LM54:
 558 0324 80E0      		ldi r24,lo8(0)
 559 0326 90E0      		ldi r25,hi8(0)
 560               	/* epilogue start */
 561 0328 0895      		ret
 562               	.LFE13:
 564               	.global	st7735_print
 566               	st7735_print:
 567               	.LFB8:
 568               	.LM55:
 569               	.LVL43:
 570 032a CF93      		push r28
 571 032c DF93      		push r29
 572               	/* prologue: function */
 573               	/* frame size = 0 */
 574 032e FC01      		movw r30,r24
 575               	.LM56:
 576 0330 8081      		ld r24,Z
 577               	.LVL44:
 578 0332 8823      		tst r24
 579 0334 01F0      		breq .L40
 580 0336 EF01      		movw r28,r30
 581               	.L39:
 582               	.LM57:
 583 0338 0E94 0000 		call st7735_write
 584               	.LVL45:
 585               	.LM58:
 586 033c 8981      		ldd r24,Y+1
 587 033e 2196      		adiw r28,1
 588 0340 8823      		tst r24
 589 0342 01F4      		brne .L39
 590               	.LVL46:
 591               	.L40:
 592               	/* epilogue start */
 593               	.LM59:
 594 0344 DF91      		pop r29
 595 0346 CF91      		pop r28
 596 0348 0895      		ret
 597               	.LFE8:
 599               		.section	.progmem.data,"a",@progbits
 602               	font:
 603 0000 00        		.byte	0
 604 0001 00        		.byte	0
 605 0002 00        		.byte	0
 606 0003 00        		.byte	0
 607 0004 00        		.byte	0
 608 0005 3E        		.byte	62
 609 0006 5B        		.byte	91
 610 0007 4F        		.byte	79
 611 0008 5B        		.byte	91
 612 0009 3E        		.byte	62
 613 000a 3E        		.byte	62
 614 000b 6B        		.byte	107
 615 000c 4F        		.byte	79
 616 000d 6B        		.byte	107
 617 000e 3E        		.byte	62
 618 000f 18        		.byte	24
 619 0010 3C        		.byte	60
 620 0011 78        		.byte	120
 621 0012 3C        		.byte	60
 622 0013 18        		.byte	24
 623 0014 18        		.byte	24
 624 0015 3C        		.byte	60
 625 0016 7E        		.byte	126
 626 0017 3C        		.byte	60
 627 0018 18        		.byte	24
 628 0019 1C        		.byte	28
 629 001a 57        		.byte	87
 630 001b 7D        		.byte	125
 631 001c 57        		.byte	87
 632 001d 1C        		.byte	28
 633 001e 1C        		.byte	28
 634 001f 5E        		.byte	94
 635 0020 7F        		.byte	127
 636 0021 5E        		.byte	94
 637 0022 1C        		.byte	28
 638 0023 00        		.byte	0
 639 0024 18        		.byte	24
 640 0025 3C        		.byte	60
 641 0026 18        		.byte	24
 642 0027 00        		.byte	0
 643 0028 FF        		.byte	-1
 644 0029 E7        		.byte	-25
 645 002a C3        		.byte	-61
 646 002b E7        		.byte	-25
 647 002c FF        		.byte	-1
 648 002d 00        		.byte	0
 649 002e 18        		.byte	24
 650 002f 24        		.byte	36
 651 0030 18        		.byte	24
 652 0031 00        		.byte	0
 653 0032 FF        		.byte	-1
 654 0033 E7        		.byte	-25
 655 0034 DB        		.byte	-37
 656 0035 E7        		.byte	-25
 657 0036 FF        		.byte	-1
 658 0037 30        		.byte	48
 659 0038 48        		.byte	72
 660 0039 3A        		.byte	58
 661 003a 06        		.byte	6
 662 003b 0E        		.byte	14
 663 003c 26        		.byte	38
 664 003d 29        		.byte	41
 665 003e 79        		.byte	121
 666 003f 29        		.byte	41
 667 0040 26        		.byte	38
 668 0041 40        		.byte	64
 669 0042 7F        		.byte	127
 670 0043 05        		.byte	5
 671 0044 05        		.byte	5
 672 0045 07        		.byte	7
 673 0046 40        		.byte	64
 674 0047 7F        		.byte	127
 675 0048 05        		.byte	5
 676 0049 25        		.byte	37
 677 004a 3F        		.byte	63
 678 004b 5A        		.byte	90
 679 004c 3C        		.byte	60
 680 004d E7        		.byte	-25
 681 004e 3C        		.byte	60
 682 004f 5A        		.byte	90
 683 0050 7F        		.byte	127
 684 0051 3E        		.byte	62
 685 0052 1C        		.byte	28
 686 0053 1C        		.byte	28
 687 0054 08        		.byte	8
 688 0055 08        		.byte	8
 689 0056 1C        		.byte	28
 690 0057 1C        		.byte	28
 691 0058 3E        		.byte	62
 692 0059 7F        		.byte	127
 693 005a 14        		.byte	20
 694 005b 22        		.byte	34
 695 005c 7F        		.byte	127
 696 005d 22        		.byte	34
 697 005e 14        		.byte	20
 698 005f 5F        		.byte	95
 699 0060 5F        		.byte	95
 700 0061 00        		.byte	0
 701 0062 5F        		.byte	95
 702 0063 5F        		.byte	95
 703 0064 06        		.byte	6
 704 0065 09        		.byte	9
 705 0066 7F        		.byte	127
 706 0067 01        		.byte	1
 707 0068 7F        		.byte	127
 708 0069 00        		.byte	0
 709 006a 66        		.byte	102
 710 006b 89        		.byte	-119
 711 006c 95        		.byte	-107
 712 006d 6A        		.byte	106
 713 006e 60        		.byte	96
 714 006f 60        		.byte	96
 715 0070 60        		.byte	96
 716 0071 60        		.byte	96
 717 0072 60        		.byte	96
 718 0073 94        		.byte	-108
 719 0074 A2        		.byte	-94
 720 0075 FF        		.byte	-1
 721 0076 A2        		.byte	-94
 722 0077 94        		.byte	-108
 723 0078 08        		.byte	8
 724 0079 04        		.byte	4
 725 007a 7E        		.byte	126
 726 007b 04        		.byte	4
 727 007c 08        		.byte	8
 728 007d 10        		.byte	16
 729 007e 20        		.byte	32
 730 007f 7E        		.byte	126
 731 0080 20        		.byte	32
 732 0081 10        		.byte	16
 733 0082 08        		.byte	8
 734 0083 08        		.byte	8
 735 0084 2A        		.byte	42
 736 0085 1C        		.byte	28
 737 0086 08        		.byte	8
 738 0087 08        		.byte	8
 739 0088 1C        		.byte	28
 740 0089 2A        		.byte	42
 741 008a 08        		.byte	8
 742 008b 08        		.byte	8
 743 008c 1E        		.byte	30
 744 008d 10        		.byte	16
 745 008e 10        		.byte	16
 746 008f 10        		.byte	16
 747 0090 10        		.byte	16
 748 0091 0C        		.byte	12
 749 0092 1E        		.byte	30
 750 0093 0C        		.byte	12
 751 0094 1E        		.byte	30
 752 0095 0C        		.byte	12
 753 0096 30        		.byte	48
 754 0097 38        		.byte	56
 755 0098 3E        		.byte	62
 756 0099 38        		.byte	56
 757 009a 30        		.byte	48
 758 009b 06        		.byte	6
 759 009c 0E        		.byte	14
 760 009d 3E        		.byte	62
 761 009e 0E        		.byte	14
 762 009f 06        		.byte	6
 763 00a0 00        		.byte	0
 764 00a1 00        		.byte	0
 765 00a2 00        		.byte	0
 766 00a3 00        		.byte	0
 767 00a4 00        		.byte	0
 768 00a5 00        		.byte	0
 769 00a6 00        		.byte	0
 770 00a7 5F        		.byte	95
 771 00a8 00        		.byte	0
 772 00a9 00        		.byte	0
 773 00aa 00        		.byte	0
 774 00ab 07        		.byte	7
 775 00ac 00        		.byte	0
 776 00ad 07        		.byte	7
 777 00ae 00        		.byte	0
 778 00af 14        		.byte	20
 779 00b0 7F        		.byte	127
 780 00b1 14        		.byte	20
 781 00b2 7F        		.byte	127
 782 00b3 14        		.byte	20
 783 00b4 24        		.byte	36
 784 00b5 2A        		.byte	42
 785 00b6 7F        		.byte	127
 786 00b7 2A        		.byte	42
 787 00b8 12        		.byte	18
 788 00b9 23        		.byte	35
 789 00ba 13        		.byte	19
 790 00bb 08        		.byte	8
 791 00bc 64        		.byte	100
 792 00bd 62        		.byte	98
 793 00be 36        		.byte	54
 794 00bf 49        		.byte	73
 795 00c0 56        		.byte	86
 796 00c1 20        		.byte	32
 797 00c2 50        		.byte	80
 798 00c3 00        		.byte	0
 799 00c4 08        		.byte	8
 800 00c5 07        		.byte	7
 801 00c6 03        		.byte	3
 802 00c7 00        		.byte	0
 803 00c8 00        		.byte	0
 804 00c9 1C        		.byte	28
 805 00ca 22        		.byte	34
 806 00cb 41        		.byte	65
 807 00cc 00        		.byte	0
 808 00cd 00        		.byte	0
 809 00ce 41        		.byte	65
 810 00cf 22        		.byte	34
 811 00d0 1C        		.byte	28
 812 00d1 00        		.byte	0
 813 00d2 2A        		.byte	42
 814 00d3 1C        		.byte	28
 815 00d4 7F        		.byte	127
 816 00d5 1C        		.byte	28
 817 00d6 2A        		.byte	42
 818 00d7 08        		.byte	8
 819 00d8 08        		.byte	8
 820 00d9 3E        		.byte	62
 821 00da 08        		.byte	8
 822 00db 08        		.byte	8
 823 00dc 00        		.byte	0
 824 00dd 80        		.byte	-128
 825 00de 70        		.byte	112
 826 00df 30        		.byte	48
 827 00e0 00        		.byte	0
 828 00e1 08        		.byte	8
 829 00e2 08        		.byte	8
 830 00e3 08        		.byte	8
 831 00e4 08        		.byte	8
 832 00e5 08        		.byte	8
 833 00e6 00        		.byte	0
 834 00e7 00        		.byte	0
 835 00e8 60        		.byte	96
 836 00e9 60        		.byte	96
 837 00ea 00        		.byte	0
 838 00eb 20        		.byte	32
 839 00ec 10        		.byte	16
 840 00ed 08        		.byte	8
 841 00ee 04        		.byte	4
 842 00ef 02        		.byte	2
 843 00f0 3E        		.byte	62
 844 00f1 51        		.byte	81
 845 00f2 49        		.byte	73
 846 00f3 45        		.byte	69
 847 00f4 3E        		.byte	62
 848 00f5 00        		.byte	0
 849 00f6 42        		.byte	66
 850 00f7 7F        		.byte	127
 851 00f8 40        		.byte	64
 852 00f9 00        		.byte	0
 853 00fa 72        		.byte	114
 854 00fb 49        		.byte	73
 855 00fc 49        		.byte	73
 856 00fd 49        		.byte	73
 857 00fe 46        		.byte	70
 858 00ff 21        		.byte	33
 859 0100 41        		.byte	65
 860 0101 49        		.byte	73
 861 0102 4D        		.byte	77
 862 0103 33        		.byte	51
 863 0104 18        		.byte	24
 864 0105 14        		.byte	20
 865 0106 12        		.byte	18
 866 0107 7F        		.byte	127
 867 0108 10        		.byte	16
 868 0109 27        		.byte	39
 869 010a 45        		.byte	69
 870 010b 45        		.byte	69
 871 010c 45        		.byte	69
 872 010d 39        		.byte	57
 873 010e 3C        		.byte	60
 874 010f 4A        		.byte	74
 875 0110 49        		.byte	73
 876 0111 49        		.byte	73
 877 0112 31        		.byte	49
 878 0113 41        		.byte	65
 879 0114 21        		.byte	33
 880 0115 11        		.byte	17
 881 0116 09        		.byte	9
 882 0117 07        		.byte	7
 883 0118 36        		.byte	54
 884 0119 49        		.byte	73
 885 011a 49        		.byte	73
 886 011b 49        		.byte	73
 887 011c 36        		.byte	54
 888 011d 46        		.byte	70
 889 011e 49        		.byte	73
 890 011f 49        		.byte	73
 891 0120 29        		.byte	41
 892 0121 1E        		.byte	30
 893 0122 00        		.byte	0
 894 0123 00        		.byte	0
 895 0124 14        		.byte	20
 896 0125 00        		.byte	0
 897 0126 00        		.byte	0
 898 0127 00        		.byte	0
 899 0128 40        		.byte	64
 900 0129 34        		.byte	52
 901 012a 00        		.byte	0
 902 012b 00        		.byte	0
 903 012c 00        		.byte	0
 904 012d 08        		.byte	8
 905 012e 14        		.byte	20
 906 012f 22        		.byte	34
 907 0130 41        		.byte	65
 908 0131 14        		.byte	20
 909 0132 14        		.byte	20
 910 0133 14        		.byte	20
 911 0134 14        		.byte	20
 912 0135 14        		.byte	20
 913 0136 00        		.byte	0
 914 0137 41        		.byte	65
 915 0138 22        		.byte	34
 916 0139 14        		.byte	20
 917 013a 08        		.byte	8
 918 013b 02        		.byte	2
 919 013c 01        		.byte	1
 920 013d 59        		.byte	89
 921 013e 09        		.byte	9
 922 013f 06        		.byte	6
 923 0140 3E        		.byte	62
 924 0141 41        		.byte	65
 925 0142 5D        		.byte	93
 926 0143 59        		.byte	89
 927 0144 4E        		.byte	78
 928 0145 7C        		.byte	124
 929 0146 12        		.byte	18
 930 0147 11        		.byte	17
 931 0148 12        		.byte	18
 932 0149 7C        		.byte	124
 933 014a 7F        		.byte	127
 934 014b 49        		.byte	73
 935 014c 49        		.byte	73
 936 014d 49        		.byte	73
 937 014e 36        		.byte	54
 938 014f 3E        		.byte	62
 939 0150 41        		.byte	65
 940 0151 41        		.byte	65
 941 0152 41        		.byte	65
 942 0153 22        		.byte	34
 943 0154 7F        		.byte	127
 944 0155 41        		.byte	65
 945 0156 41        		.byte	65
 946 0157 41        		.byte	65
 947 0158 3E        		.byte	62
 948 0159 7F        		.byte	127
 949 015a 49        		.byte	73
 950 015b 49        		.byte	73
 951 015c 49        		.byte	73
 952 015d 41        		.byte	65
 953 015e 7F        		.byte	127
 954 015f 09        		.byte	9
 955 0160 09        		.byte	9
 956 0161 09        		.byte	9
 957 0162 01        		.byte	1
 958 0163 3E        		.byte	62
 959 0164 41        		.byte	65
 960 0165 41        		.byte	65
 961 0166 51        		.byte	81
 962 0167 73        		.byte	115
 963 0168 7F        		.byte	127
 964 0169 08        		.byte	8
 965 016a 08        		.byte	8
 966 016b 08        		.byte	8
 967 016c 7F        		.byte	127
 968 016d 00        		.byte	0
 969 016e 41        		.byte	65
 970 016f 7F        		.byte	127
 971 0170 41        		.byte	65
 972 0171 00        		.byte	0
 973 0172 20        		.byte	32
 974 0173 40        		.byte	64
 975 0174 41        		.byte	65
 976 0175 3F        		.byte	63
 977 0176 01        		.byte	1
 978 0177 7F        		.byte	127
 979 0178 08        		.byte	8
 980 0179 14        		.byte	20
 981 017a 22        		.byte	34
 982 017b 41        		.byte	65
 983 017c 7F        		.byte	127
 984 017d 40        		.byte	64
 985 017e 40        		.byte	64
 986 017f 40        		.byte	64
 987 0180 40        		.byte	64
 988 0181 7F        		.byte	127
 989 0182 02        		.byte	2
 990 0183 1C        		.byte	28
 991 0184 02        		.byte	2
 992 0185 7F        		.byte	127
 993 0186 7F        		.byte	127
 994 0187 04        		.byte	4
 995 0188 08        		.byte	8
 996 0189 10        		.byte	16
 997 018a 7F        		.byte	127
 998 018b 3E        		.byte	62
 999 018c 41        		.byte	65
 1000 018d 41        		.byte	65
 1001 018e 41        		.byte	65
 1002 018f 3E        		.byte	62
 1003 0190 7F        		.byte	127
 1004 0191 09        		.byte	9
 1005 0192 09        		.byte	9
 1006 0193 09        		.byte	9
 1007 0194 06        		.byte	6
 1008 0195 3E        		.byte	62
 1009 0196 41        		.byte	65
 1010 0197 51        		.byte	81
 1011 0198 21        		.byte	33
 1012 0199 5E        		.byte	94
 1013 019a 7F        		.byte	127
 1014 019b 09        		.byte	9
 1015 019c 19        		.byte	25
 1016 019d 29        		.byte	41
 1017 019e 46        		.byte	70
 1018 019f 26        		.byte	38
 1019 01a0 49        		.byte	73
 1020 01a1 49        		.byte	73
 1021 01a2 49        		.byte	73
 1022 01a3 32        		.byte	50
 1023 01a4 03        		.byte	3
 1024 01a5 01        		.byte	1
 1025 01a6 7F        		.byte	127
 1026 01a7 01        		.byte	1
 1027 01a8 03        		.byte	3
 1028 01a9 3F        		.byte	63
 1029 01aa 40        		.byte	64
 1030 01ab 40        		.byte	64
 1031 01ac 40        		.byte	64
 1032 01ad 3F        		.byte	63
 1033 01ae 1F        		.byte	31
 1034 01af 20        		.byte	32
 1035 01b0 40        		.byte	64
 1036 01b1 20        		.byte	32
 1037 01b2 1F        		.byte	31
 1038 01b3 3F        		.byte	63
 1039 01b4 40        		.byte	64
 1040 01b5 38        		.byte	56
 1041 01b6 40        		.byte	64
 1042 01b7 3F        		.byte	63
 1043 01b8 63        		.byte	99
 1044 01b9 14        		.byte	20
 1045 01ba 08        		.byte	8
 1046 01bb 14        		.byte	20
 1047 01bc 63        		.byte	99
 1048 01bd 03        		.byte	3
 1049 01be 04        		.byte	4
 1050 01bf 78        		.byte	120
 1051 01c0 04        		.byte	4
 1052 01c1 03        		.byte	3
 1053 01c2 61        		.byte	97
 1054 01c3 59        		.byte	89
 1055 01c4 49        		.byte	73
 1056 01c5 4D        		.byte	77
 1057 01c6 43        		.byte	67
 1058 01c7 00        		.byte	0
 1059 01c8 7F        		.byte	127
 1060 01c9 41        		.byte	65
 1061 01ca 41        		.byte	65
 1062 01cb 41        		.byte	65
 1063 01cc 02        		.byte	2
 1064 01cd 04        		.byte	4
 1065 01ce 08        		.byte	8
 1066 01cf 10        		.byte	16
 1067 01d0 20        		.byte	32
 1068 01d1 00        		.byte	0
 1069 01d2 41        		.byte	65
 1070 01d3 41        		.byte	65
 1071 01d4 41        		.byte	65
 1072 01d5 7F        		.byte	127
 1073 01d6 04        		.byte	4
 1074 01d7 02        		.byte	2
 1075 01d8 01        		.byte	1
 1076 01d9 02        		.byte	2
 1077 01da 04        		.byte	4
 1078 01db 40        		.byte	64
 1079 01dc 40        		.byte	64
 1080 01dd 40        		.byte	64
 1081 01de 40        		.byte	64
 1082 01df 40        		.byte	64
 1083 01e0 00        		.byte	0
 1084 01e1 03        		.byte	3
 1085 01e2 07        		.byte	7
 1086 01e3 08        		.byte	8
 1087 01e4 00        		.byte	0
 1088 01e5 20        		.byte	32
 1089 01e6 54        		.byte	84
 1090 01e7 54        		.byte	84
 1091 01e8 78        		.byte	120
 1092 01e9 40        		.byte	64
 1093 01ea 7F        		.byte	127
 1094 01eb 28        		.byte	40
 1095 01ec 44        		.byte	68
 1096 01ed 44        		.byte	68
 1097 01ee 38        		.byte	56
 1098 01ef 38        		.byte	56
 1099 01f0 44        		.byte	68
 1100 01f1 44        		.byte	68
 1101 01f2 44        		.byte	68
 1102 01f3 28        		.byte	40
 1103 01f4 38        		.byte	56
 1104 01f5 44        		.byte	68
 1105 01f6 44        		.byte	68
 1106 01f7 28        		.byte	40
 1107 01f8 7F        		.byte	127
 1108 01f9 38        		.byte	56
 1109 01fa 54        		.byte	84
 1110 01fb 54        		.byte	84
 1111 01fc 54        		.byte	84
 1112 01fd 18        		.byte	24
 1113 01fe 00        		.byte	0
 1114 01ff 08        		.byte	8
 1115 0200 7E        		.byte	126
 1116 0201 09        		.byte	9
 1117 0202 02        		.byte	2
 1118 0203 18        		.byte	24
 1119 0204 A4        		.byte	-92
 1120 0205 A4        		.byte	-92
 1121 0206 9C        		.byte	-100
 1122 0207 78        		.byte	120
 1123 0208 7F        		.byte	127
 1124 0209 08        		.byte	8
 1125 020a 04        		.byte	4
 1126 020b 04        		.byte	4
 1127 020c 78        		.byte	120
 1128 020d 00        		.byte	0
 1129 020e 44        		.byte	68
 1130 020f 7D        		.byte	125
 1131 0210 40        		.byte	64
 1132 0211 00        		.byte	0
 1133 0212 20        		.byte	32
 1134 0213 40        		.byte	64
 1135 0214 40        		.byte	64
 1136 0215 3D        		.byte	61
 1137 0216 00        		.byte	0
 1138 0217 7F        		.byte	127
 1139 0218 10        		.byte	16
 1140 0219 28        		.byte	40
 1141 021a 44        		.byte	68
 1142 021b 00        		.byte	0
 1143 021c 00        		.byte	0
 1144 021d 41        		.byte	65
 1145 021e 7F        		.byte	127
 1146 021f 40        		.byte	64
 1147 0220 00        		.byte	0
 1148 0221 7C        		.byte	124
 1149 0222 04        		.byte	4
 1150 0223 78        		.byte	120
 1151 0224 04        		.byte	4
 1152 0225 78        		.byte	120
 1153 0226 7C        		.byte	124
 1154 0227 08        		.byte	8
 1155 0228 04        		.byte	4
 1156 0229 04        		.byte	4
 1157 022a 78        		.byte	120
 1158 022b 38        		.byte	56
 1159 022c 44        		.byte	68
 1160 022d 44        		.byte	68
 1161 022e 44        		.byte	68
 1162 022f 38        		.byte	56
 1163 0230 FC        		.byte	-4
 1164 0231 18        		.byte	24
 1165 0232 24        		.byte	36
 1166 0233 24        		.byte	36
 1167 0234 18        		.byte	24
 1168 0235 18        		.byte	24
 1169 0236 24        		.byte	36
 1170 0237 24        		.byte	36
 1171 0238 18        		.byte	24
 1172 0239 FC        		.byte	-4
 1173 023a 7C        		.byte	124
 1174 023b 08        		.byte	8
 1175 023c 04        		.byte	4
 1176 023d 04        		.byte	4
 1177 023e 08        		.byte	8
 1178 023f 48        		.byte	72
 1179 0240 54        		.byte	84
 1180 0241 54        		.byte	84
 1181 0242 54        		.byte	84
 1182 0243 24        		.byte	36
 1183 0244 04        		.byte	4
 1184 0245 04        		.byte	4
 1185 0246 3F        		.byte	63
 1186 0247 44        		.byte	68
 1187 0248 24        		.byte	36
 1188 0249 3C        		.byte	60
 1189 024a 40        		.byte	64
 1190 024b 40        		.byte	64
 1191 024c 20        		.byte	32
 1192 024d 7C        		.byte	124
 1193 024e 1C        		.byte	28
 1194 024f 20        		.byte	32
 1195 0250 40        		.byte	64
 1196 0251 20        		.byte	32
 1197 0252 1C        		.byte	28
 1198 0253 3C        		.byte	60
 1199 0254 40        		.byte	64
 1200 0255 30        		.byte	48
 1201 0256 40        		.byte	64
 1202 0257 3C        		.byte	60
 1203 0258 44        		.byte	68
 1204 0259 28        		.byte	40
 1205 025a 10        		.byte	16
 1206 025b 28        		.byte	40
 1207 025c 44        		.byte	68
 1208 025d 4C        		.byte	76
 1209 025e 90        		.byte	-112
 1210 025f 90        		.byte	-112
 1211 0260 90        		.byte	-112
 1212 0261 7C        		.byte	124
 1213 0262 44        		.byte	68
 1214 0263 64        		.byte	100
 1215 0264 54        		.byte	84
 1216 0265 4C        		.byte	76
 1217 0266 44        		.byte	68
 1218 0267 00        		.byte	0
 1219 0268 08        		.byte	8
 1220 0269 36        		.byte	54
 1221 026a 41        		.byte	65
 1222 026b 00        		.byte	0
 1223 026c 00        		.byte	0
 1224 026d 00        		.byte	0
 1225 026e 77        		.byte	119
 1226 026f 00        		.byte	0
 1227 0270 00        		.byte	0
 1228 0271 00        		.byte	0
 1229 0272 41        		.byte	65
 1230 0273 36        		.byte	54
 1231 0274 08        		.byte	8
 1232 0275 00        		.byte	0
 1233 0276 02        		.byte	2
 1234 0277 01        		.byte	1
 1235 0278 02        		.byte	2
 1236 0279 04        		.byte	4
 1237 027a 02        		.byte	2
 1238 027b 3C        		.byte	60
 1239 027c 26        		.byte	38
 1240 027d 23        		.byte	35
 1241 027e 26        		.byte	38
 1242 027f 3C        		.byte	60
 1243 0280 1E        		.byte	30
 1244 0281 A1        		.byte	-95
 1245 0282 A1        		.byte	-95
 1246 0283 61        		.byte	97
 1247 0284 12        		.byte	18
 1248 0285 3A        		.byte	58
 1249 0286 40        		.byte	64
 1250 0287 40        		.byte	64
 1251 0288 20        		.byte	32
 1252 0289 7A        		.byte	122
 1253 028a 38        		.byte	56
 1254 028b 54        		.byte	84
 1255 028c 54        		.byte	84
 1256 028d 55        		.byte	85
 1257 028e 59        		.byte	89
 1258 028f 21        		.byte	33
 1259 0290 55        		.byte	85
 1260 0291 55        		.byte	85
 1261 0292 79        		.byte	121
 1262 0293 41        		.byte	65
 1263 0294 21        		.byte	33
 1264 0295 54        		.byte	84
 1265 0296 54        		.byte	84
 1266 0297 78        		.byte	120
 1267 0298 41        		.byte	65
 1268 0299 21        		.byte	33
 1269 029a 55        		.byte	85
 1270 029b 54        		.byte	84
 1271 029c 78        		.byte	120
 1272 029d 40        		.byte	64
 1273 029e 20        		.byte	32
 1274 029f 54        		.byte	84
 1275 02a0 55        		.byte	85
 1276 02a1 79        		.byte	121
 1277 02a2 40        		.byte	64
 1278 02a3 0C        		.byte	12
 1279 02a4 1E        		.byte	30
 1280 02a5 52        		.byte	82
 1281 02a6 72        		.byte	114
 1282 02a7 12        		.byte	18
 1283 02a8 39        		.byte	57
 1284 02a9 55        		.byte	85
 1285 02aa 55        		.byte	85
 1286 02ab 55        		.byte	85
 1287 02ac 59        		.byte	89
 1288 02ad 39        		.byte	57
 1289 02ae 54        		.byte	84
 1290 02af 54        		.byte	84
 1291 02b0 54        		.byte	84
 1292 02b1 59        		.byte	89
 1293 02b2 39        		.byte	57
 1294 02b3 55        		.byte	85
 1295 02b4 54        		.byte	84
 1296 02b5 54        		.byte	84
 1297 02b6 58        		.byte	88
 1298 02b7 00        		.byte	0
 1299 02b8 00        		.byte	0
 1300 02b9 45        		.byte	69
 1301 02ba 7C        		.byte	124
 1302 02bb 41        		.byte	65
 1303 02bc 00        		.byte	0
 1304 02bd 02        		.byte	2
 1305 02be 45        		.byte	69
 1306 02bf 7D        		.byte	125
 1307 02c0 42        		.byte	66
 1308 02c1 00        		.byte	0
 1309 02c2 01        		.byte	1
 1310 02c3 45        		.byte	69
 1311 02c4 7C        		.byte	124
 1312 02c5 40        		.byte	64
 1313 02c6 F0        		.byte	-16
 1314 02c7 29        		.byte	41
 1315 02c8 24        		.byte	36
 1316 02c9 29        		.byte	41
 1317 02ca F0        		.byte	-16
 1318 02cb F0        		.byte	-16
 1319 02cc 28        		.byte	40
 1320 02cd 25        		.byte	37
 1321 02ce 28        		.byte	40
 1322 02cf F0        		.byte	-16
 1323 02d0 7C        		.byte	124
 1324 02d1 54        		.byte	84
 1325 02d2 55        		.byte	85
 1326 02d3 45        		.byte	69
 1327 02d4 00        		.byte	0
 1328 02d5 20        		.byte	32
 1329 02d6 54        		.byte	84
 1330 02d7 54        		.byte	84
 1331 02d8 7C        		.byte	124
 1332 02d9 54        		.byte	84
 1333 02da 7C        		.byte	124
 1334 02db 0A        		.byte	10
 1335 02dc 09        		.byte	9
 1336 02dd 7F        		.byte	127
 1337 02de 49        		.byte	73
 1338 02df 32        		.byte	50
 1339 02e0 49        		.byte	73
 1340 02e1 49        		.byte	73
 1341 02e2 49        		.byte	73
 1342 02e3 32        		.byte	50
 1343 02e4 32        		.byte	50
 1344 02e5 48        		.byte	72
 1345 02e6 48        		.byte	72
 1346 02e7 48        		.byte	72
 1347 02e8 32        		.byte	50
 1348 02e9 32        		.byte	50
 1349 02ea 4A        		.byte	74
 1350 02eb 48        		.byte	72
 1351 02ec 48        		.byte	72
 1352 02ed 30        		.byte	48
 1353 02ee 3A        		.byte	58
 1354 02ef 41        		.byte	65
 1355 02f0 41        		.byte	65
 1356 02f1 21        		.byte	33
 1357 02f2 7A        		.byte	122
 1358 02f3 3A        		.byte	58
 1359 02f4 42        		.byte	66
 1360 02f5 40        		.byte	64
 1361 02f6 20        		.byte	32
 1362 02f7 78        		.byte	120
 1363 02f8 00        		.byte	0
 1364 02f9 9D        		.byte	-99
 1365 02fa A0        		.byte	-96
 1366 02fb A0        		.byte	-96
 1367 02fc 7D        		.byte	125
 1368 02fd 39        		.byte	57
 1369 02fe 44        		.byte	68
 1370 02ff 44        		.byte	68
 1371 0300 44        		.byte	68
 1372 0301 39        		.byte	57
 1373 0302 3D        		.byte	61
 1374 0303 40        		.byte	64
 1375 0304 40        		.byte	64
 1376 0305 40        		.byte	64
 1377 0306 3D        		.byte	61
 1378 0307 3C        		.byte	60
 1379 0308 24        		.byte	36
 1380 0309 FF        		.byte	-1
 1381 030a 24        		.byte	36
 1382 030b 24        		.byte	36
 1383 030c 48        		.byte	72
 1384 030d 7E        		.byte	126
 1385 030e 49        		.byte	73
 1386 030f 43        		.byte	67
 1387 0310 66        		.byte	102
 1388 0311 2B        		.byte	43
 1389 0312 2F        		.byte	47
 1390 0313 FC        		.byte	-4
 1391 0314 2F        		.byte	47
 1392 0315 2B        		.byte	43
 1393 0316 FF        		.byte	-1
 1394 0317 09        		.byte	9
 1395 0318 29        		.byte	41
 1396 0319 F6        		.byte	-10
 1397 031a 20        		.byte	32
 1398 031b C0        		.byte	-64
 1399 031c 88        		.byte	-120
 1400 031d 7E        		.byte	126
 1401 031e 09        		.byte	9
 1402 031f 03        		.byte	3
 1403 0320 20        		.byte	32
 1404 0321 54        		.byte	84
 1405 0322 54        		.byte	84
 1406 0323 79        		.byte	121
 1407 0324 41        		.byte	65
 1408 0325 00        		.byte	0
 1409 0326 00        		.byte	0
 1410 0327 44        		.byte	68
 1411 0328 7D        		.byte	125
 1412 0329 41        		.byte	65
 1413 032a 30        		.byte	48
 1414 032b 48        		.byte	72
 1415 032c 48        		.byte	72
 1416 032d 4A        		.byte	74
 1417 032e 32        		.byte	50
 1418 032f 38        		.byte	56
 1419 0330 40        		.byte	64
 1420 0331 40        		.byte	64
 1421 0332 22        		.byte	34
 1422 0333 7A        		.byte	122
 1423 0334 00        		.byte	0
 1424 0335 7A        		.byte	122
 1425 0336 0A        		.byte	10
 1426 0337 0A        		.byte	10
 1427 0338 72        		.byte	114
 1428 0339 7D        		.byte	125
 1429 033a 0D        		.byte	13
 1430 033b 19        		.byte	25
 1431 033c 31        		.byte	49
 1432 033d 7D        		.byte	125
 1433 033e 26        		.byte	38
 1434 033f 29        		.byte	41
 1435 0340 29        		.byte	41
 1436 0341 2F        		.byte	47
 1437 0342 28        		.byte	40
 1438 0343 26        		.byte	38
 1439 0344 29        		.byte	41
 1440 0345 29        		.byte	41
 1441 0346 29        		.byte	41
 1442 0347 26        		.byte	38
 1443 0348 30        		.byte	48
 1444 0349 48        		.byte	72
 1445 034a 4D        		.byte	77
 1446 034b 40        		.byte	64
 1447 034c 20        		.byte	32
 1448 034d 38        		.byte	56
 1449 034e 08        		.byte	8
 1450 034f 08        		.byte	8
 1451 0350 08        		.byte	8
 1452 0351 08        		.byte	8
 1453 0352 08        		.byte	8
 1454 0353 08        		.byte	8
 1455 0354 08        		.byte	8
 1456 0355 08        		.byte	8
 1457 0356 38        		.byte	56
 1458 0357 2F        		.byte	47
 1459 0358 10        		.byte	16
 1460 0359 C8        		.byte	-56
 1461 035a AC        		.byte	-84
 1462 035b BA        		.byte	-70
 1463 035c 2F        		.byte	47
 1464 035d 10        		.byte	16
 1465 035e 28        		.byte	40
 1466 035f 34        		.byte	52
 1467 0360 FA        		.byte	-6
 1468 0361 00        		.byte	0
 1469 0362 00        		.byte	0
 1470 0363 7B        		.byte	123
 1471 0364 00        		.byte	0
 1472 0365 00        		.byte	0
 1473 0366 08        		.byte	8
 1474 0367 14        		.byte	20
 1475 0368 2A        		.byte	42
 1476 0369 14        		.byte	20
 1477 036a 22        		.byte	34
 1478 036b 22        		.byte	34
 1479 036c 14        		.byte	20
 1480 036d 2A        		.byte	42
 1481 036e 14        		.byte	20
 1482 036f 08        		.byte	8
 1483 0370 AA        		.byte	-86
 1484 0371 00        		.byte	0
 1485 0372 55        		.byte	85
 1486 0373 00        		.byte	0
 1487 0374 AA        		.byte	-86
 1488 0375 AA        		.byte	-86
 1489 0376 55        		.byte	85
 1490 0377 AA        		.byte	-86
 1491 0378 55        		.byte	85
 1492 0379 AA        		.byte	-86
 1493 037a 00        		.byte	0
 1494 037b 00        		.byte	0
 1495 037c 00        		.byte	0
 1496 037d FF        		.byte	-1
 1497 037e 00        		.byte	0
 1498 037f 10        		.byte	16
 1499 0380 10        		.byte	16
 1500 0381 10        		.byte	16
 1501 0382 FF        		.byte	-1
 1502 0383 00        		.byte	0
 1503 0384 14        		.byte	20
 1504 0385 14        		.byte	20
 1505 0386 14        		.byte	20
 1506 0387 FF        		.byte	-1
 1507 0388 00        		.byte	0
 1508 0389 10        		.byte	16
 1509 038a 10        		.byte	16
 1510 038b FF        		.byte	-1
 1511 038c 00        		.byte	0
 1512 038d FF        		.byte	-1
 1513 038e 10        		.byte	16
 1514 038f 10        		.byte	16
 1515 0390 F0        		.byte	-16
 1516 0391 10        		.byte	16
 1517 0392 F0        		.byte	-16
 1518 0393 14        		.byte	20
 1519 0394 14        		.byte	20
 1520 0395 14        		.byte	20
 1521 0396 FC        		.byte	-4
 1522 0397 00        		.byte	0
 1523 0398 14        		.byte	20
 1524 0399 14        		.byte	20
 1525 039a F7        		.byte	-9
 1526 039b 00        		.byte	0
 1527 039c FF        		.byte	-1
 1528 039d 00        		.byte	0
 1529 039e 00        		.byte	0
 1530 039f FF        		.byte	-1
 1531 03a0 00        		.byte	0
 1532 03a1 FF        		.byte	-1
 1533 03a2 14        		.byte	20
 1534 03a3 14        		.byte	20
 1535 03a4 F4        		.byte	-12
 1536 03a5 04        		.byte	4
 1537 03a6 FC        		.byte	-4
 1538 03a7 14        		.byte	20
 1539 03a8 14        		.byte	20
 1540 03a9 17        		.byte	23
 1541 03aa 10        		.byte	16
 1542 03ab 1F        		.byte	31
 1543 03ac 10        		.byte	16
 1544 03ad 10        		.byte	16
 1545 03ae 1F        		.byte	31
 1546 03af 10        		.byte	16
 1547 03b0 1F        		.byte	31
 1548 03b1 14        		.byte	20
 1549 03b2 14        		.byte	20
 1550 03b3 14        		.byte	20
 1551 03b4 1F        		.byte	31
 1552 03b5 00        		.byte	0
 1553 03b6 10        		.byte	16
 1554 03b7 10        		.byte	16
 1555 03b8 10        		.byte	16
 1556 03b9 F0        		.byte	-16
 1557 03ba 00        		.byte	0
 1558 03bb 00        		.byte	0
 1559 03bc 00        		.byte	0
 1560 03bd 00        		.byte	0
 1561 03be 1F        		.byte	31
 1562 03bf 10        		.byte	16
 1563 03c0 10        		.byte	16
 1564 03c1 10        		.byte	16
 1565 03c2 10        		.byte	16
 1566 03c3 1F        		.byte	31
 1567 03c4 10        		.byte	16
 1568 03c5 10        		.byte	16
 1569 03c6 10        		.byte	16
 1570 03c7 10        		.byte	16
 1571 03c8 F0        		.byte	-16
 1572 03c9 10        		.byte	16
 1573 03ca 00        		.byte	0
 1574 03cb 00        		.byte	0
 1575 03cc 00        		.byte	0
 1576 03cd FF        		.byte	-1
 1577 03ce 10        		.byte	16
 1578 03cf 10        		.byte	16
 1579 03d0 10        		.byte	16
 1580 03d1 10        		.byte	16
 1581 03d2 10        		.byte	16
 1582 03d3 10        		.byte	16
 1583 03d4 10        		.byte	16
 1584 03d5 10        		.byte	16
 1585 03d6 10        		.byte	16
 1586 03d7 FF        		.byte	-1
 1587 03d8 10        		.byte	16
 1588 03d9 00        		.byte	0
 1589 03da 00        		.byte	0
 1590 03db 00        		.byte	0
 1591 03dc FF        		.byte	-1
 1592 03dd 14        		.byte	20
 1593 03de 00        		.byte	0
 1594 03df 00        		.byte	0
 1595 03e0 FF        		.byte	-1
 1596 03e1 00        		.byte	0
 1597 03e2 FF        		.byte	-1
 1598 03e3 00        		.byte	0
 1599 03e4 00        		.byte	0
 1600 03e5 1F        		.byte	31
 1601 03e6 10        		.byte	16
 1602 03e7 17        		.byte	23
 1603 03e8 00        		.byte	0
 1604 03e9 00        		.byte	0
 1605 03ea FC        		.byte	-4
 1606 03eb 04        		.byte	4
 1607 03ec F4        		.byte	-12
 1608 03ed 14        		.byte	20
 1609 03ee 14        		.byte	20
 1610 03ef 17        		.byte	23
 1611 03f0 10        		.byte	16
 1612 03f1 17        		.byte	23
 1613 03f2 14        		.byte	20
 1614 03f3 14        		.byte	20
 1615 03f4 F4        		.byte	-12
 1616 03f5 04        		.byte	4
 1617 03f6 F4        		.byte	-12
 1618 03f7 00        		.byte	0
 1619 03f8 00        		.byte	0
 1620 03f9 FF        		.byte	-1
 1621 03fa 00        		.byte	0
 1622 03fb F7        		.byte	-9
 1623 03fc 14        		.byte	20
 1624 03fd 14        		.byte	20
 1625 03fe 14        		.byte	20
 1626 03ff 14        		.byte	20
 1627 0400 14        		.byte	20
 1628 0401 14        		.byte	20
 1629 0402 14        		.byte	20
 1630 0403 F7        		.byte	-9
 1631 0404 00        		.byte	0
 1632 0405 F7        		.byte	-9
 1633 0406 14        		.byte	20
 1634 0407 14        		.byte	20
 1635 0408 14        		.byte	20
 1636 0409 17        		.byte	23
 1637 040a 14        		.byte	20
 1638 040b 10        		.byte	16
 1639 040c 10        		.byte	16
 1640 040d 1F        		.byte	31
 1641 040e 10        		.byte	16
 1642 040f 1F        		.byte	31
 1643 0410 14        		.byte	20
 1644 0411 14        		.byte	20
 1645 0412 14        		.byte	20
 1646 0413 F4        		.byte	-12
 1647 0414 14        		.byte	20
 1648 0415 10        		.byte	16
 1649 0416 10        		.byte	16
 1650 0417 F0        		.byte	-16
 1651 0418 10        		.byte	16
 1652 0419 F0        		.byte	-16
 1653 041a 00        		.byte	0
 1654 041b 00        		.byte	0
 1655 041c 1F        		.byte	31
 1656 041d 10        		.byte	16
 1657 041e 1F        		.byte	31
 1658 041f 00        		.byte	0
 1659 0420 00        		.byte	0
 1660 0421 00        		.byte	0
 1661 0422 1F        		.byte	31
 1662 0423 14        		.byte	20
 1663 0424 00        		.byte	0
 1664 0425 00        		.byte	0
 1665 0426 00        		.byte	0
 1666 0427 FC        		.byte	-4
 1667 0428 14        		.byte	20
 1668 0429 00        		.byte	0
 1669 042a 00        		.byte	0
 1670 042b F0        		.byte	-16
 1671 042c 10        		.byte	16
 1672 042d F0        		.byte	-16
 1673 042e 10        		.byte	16
 1674 042f 10        		.byte	16
 1675 0430 FF        		.byte	-1
 1676 0431 10        		.byte	16
 1677 0432 FF        		.byte	-1
 1678 0433 14        		.byte	20
 1679 0434 14        		.byte	20
 1680 0435 14        		.byte	20
 1681 0436 FF        		.byte	-1
 1682 0437 14        		.byte	20
 1683 0438 10        		.byte	16
 1684 0439 10        		.byte	16
 1685 043a 10        		.byte	16
 1686 043b 1F        		.byte	31
 1687 043c 00        		.byte	0
 1688 043d 00        		.byte	0
 1689 043e 00        		.byte	0
 1690 043f 00        		.byte	0
 1691 0440 F0        		.byte	-16
 1692 0441 10        		.byte	16
 1693 0442 FF        		.byte	-1
 1694 0443 FF        		.byte	-1
 1695 0444 FF        		.byte	-1
 1696 0445 FF        		.byte	-1
 1697 0446 FF        		.byte	-1
 1698 0447 F0        		.byte	-16
 1699 0448 F0        		.byte	-16
 1700 0449 F0        		.byte	-16
 1701 044a F0        		.byte	-16
 1702 044b F0        		.byte	-16
 1703 044c FF        		.byte	-1
 1704 044d FF        		.byte	-1
 1705 044e FF        		.byte	-1
 1706 044f 00        		.byte	0
 1707 0450 00        		.byte	0
 1708 0451 00        		.byte	0
 1709 0452 00        		.byte	0
 1710 0453 00        		.byte	0
 1711 0454 FF        		.byte	-1
 1712 0455 FF        		.byte	-1
 1713 0456 0F        		.byte	15
 1714 0457 0F        		.byte	15
 1715 0458 0F        		.byte	15
 1716 0459 0F        		.byte	15
 1717 045a 0F        		.byte	15
 1718 045b 38        		.byte	56
 1719 045c 44        		.byte	68
 1720 045d 44        		.byte	68
 1721 045e 38        		.byte	56
 1722 045f 44        		.byte	68
 1723 0460 7C        		.byte	124
 1724 0461 2A        		.byte	42
 1725 0462 2A        		.byte	42
 1726 0463 3E        		.byte	62
 1727 0464 14        		.byte	20
 1728 0465 7E        		.byte	126
 1729 0466 02        		.byte	2
 1730 0467 02        		.byte	2
 1731 0468 06        		.byte	6
 1732 0469 06        		.byte	6
 1733 046a 02        		.byte	2
 1734 046b 7E        		.byte	126
 1735 046c 02        		.byte	2
 1736 046d 7E        		.byte	126
 1737 046e 02        		.byte	2
 1738 046f 63        		.byte	99
 1739 0470 55        		.byte	85
 1740 0471 49        		.byte	73
 1741 0472 41        		.byte	65
 1742 0473 63        		.byte	99
 1743 0474 38        		.byte	56
 1744 0475 44        		.byte	68
 1745 0476 44        		.byte	68
 1746 0477 3C        		.byte	60
 1747 0478 04        		.byte	4
 1748 0479 40        		.byte	64
 1749 047a 7E        		.byte	126
 1750 047b 20        		.byte	32
 1751 047c 1E        		.byte	30
 1752 047d 20        		.byte	32
 1753 047e 06        		.byte	6
 1754 047f 02        		.byte	2
 1755 0480 7E        		.byte	126
 1756 0481 02        		.byte	2
 1757 0482 02        		.byte	2
 1758 0483 99        		.byte	-103
 1759 0484 A5        		.byte	-91
 1760 0485 E7        		.byte	-25
 1761 0486 A5        		.byte	-91
 1762 0487 99        		.byte	-103
 1763 0488 1C        		.byte	28
 1764 0489 2A        		.byte	42
 1765 048a 49        		.byte	73
 1766 048b 2A        		.byte	42
 1767 048c 1C        		.byte	28
 1768 048d 4C        		.byte	76
 1769 048e 72        		.byte	114
 1770 048f 01        		.byte	1
 1771 0490 72        		.byte	114
 1772 0491 4C        		.byte	76
 1773 0492 30        		.byte	48
 1774 0493 4A        		.byte	74
 1775 0494 4D        		.byte	77
 1776 0495 4D        		.byte	77
 1777 0496 30        		.byte	48
 1778 0497 30        		.byte	48
 1779 0498 48        		.byte	72
 1780 0499 78        		.byte	120
 1781 049a 48        		.byte	72
 1782 049b 30        		.byte	48
 1783 049c BC        		.byte	-68
 1784 049d 62        		.byte	98
 1785 049e 5A        		.byte	90
 1786 049f 46        		.byte	70
 1787 04a0 3D        		.byte	61
 1788 04a1 3E        		.byte	62
 1789 04a2 49        		.byte	73
 1790 04a3 49        		.byte	73
 1791 04a4 49        		.byte	73
 1792 04a5 00        		.byte	0
 1793 04a6 7E        		.byte	126
 1794 04a7 01        		.byte	1
 1795 04a8 01        		.byte	1
 1796 04a9 01        		.byte	1
 1797 04aa 7E        		.byte	126
 1798 04ab 2A        		.byte	42
 1799 04ac 2A        		.byte	42
 1800 04ad 2A        		.byte	42
 1801 04ae 2A        		.byte	42
 1802 04af 2A        		.byte	42
 1803 04b0 44        		.byte	68
 1804 04b1 44        		.byte	68
 1805 04b2 5F        		.byte	95
 1806 04b3 44        		.byte	68
 1807 04b4 44        		.byte	68
 1808 04b5 40        		.byte	64
 1809 04b6 51        		.byte	81
 1810 04b7 4A        		.byte	74
 1811 04b8 44        		.byte	68
 1812 04b9 40        		.byte	64
 1813 04ba 40        		.byte	64
 1814 04bb 44        		.byte	68
 1815 04bc 4A        		.byte	74
 1816 04bd 51        		.byte	81
 1817 04be 40        		.byte	64
 1818 04bf 00        		.byte	0
 1819 04c0 00        		.byte	0
 1820 04c1 FF        		.byte	-1
 1821 04c2 01        		.byte	1
 1822 04c3 03        		.byte	3
 1823 04c4 E0        		.byte	-32
 1824 04c5 80        		.byte	-128
 1825 04c6 FF        		.byte	-1
 1826 04c7 00        		.byte	0
 1827 04c8 00        		.byte	0
 1828 04c9 08        		.byte	8
 1829 04ca 08        		.byte	8
 1830 04cb 6B        		.byte	107
 1831 04cc 6B        		.byte	107
 1832 04cd 08        		.byte	8
 1833 04ce 36        		.byte	54
 1834 04cf 12        		.byte	18
 1835 04d0 36        		.byte	54
 1836 04d1 24        		.byte	36
 1837 04d2 36        		.byte	54
 1838 04d3 06        		.byte	6
 1839 04d4 0F        		.byte	15
 1840 04d5 09        		.byte	9
 1841 04d6 0F        		.byte	15
 1842 04d7 06        		.byte	6
 1843 04d8 00        		.byte	0
 1844 04d9 00        		.byte	0
 1845 04da 18        		.byte	24
 1846 04db 18        		.byte	24
 1847 04dc 00        		.byte	0
 1848 04dd 00        		.byte	0
 1849 04de 00        		.byte	0
 1850 04df 10        		.byte	16
 1851 04e0 10        		.byte	16
 1852 04e1 00        		.byte	0
 1853 04e2 30        		.byte	48
 1854 04e3 40        		.byte	64
 1855 04e4 FF        		.byte	-1
 1856 04e5 01        		.byte	1
 1857 04e6 01        		.byte	1
 1858 04e7 00        		.byte	0
 1859 04e8 1F        		.byte	31
 1860 04e9 01        		.byte	1
 1861 04ea 01        		.byte	1
 1862 04eb 1E        		.byte	30
 1863 04ec 00        		.byte	0
 1864 04ed 19        		.byte	25
 1865 04ee 1D        		.byte	29
 1866 04ef 17        		.byte	23
 1867 04f0 12        		.byte	18
 1868 04f1 00        		.byte	0
 1869 04f2 3C        		.byte	60
 1870 04f3 3C        		.byte	60
 1871 04f4 3C        		.byte	60
 1872 04f5 3C        		.byte	60
 1873 04f6 00        		.byte	0
 1874 04f7 00        		.byte	0
 1875 04f8 00        		.byte	0
 1876 04f9 00        		.byte	0
 1877 04fa 00        		.byte	0
 1878               		.comm WIDTH,2,1
 1879               		.comm HEIGHT,2,1
 1880               		.comm cursor_x,2,1
 1881               		.comm cursor_y,2,1
 1882               		.comm textcolor,2,1
 1883               		.comm textbgcolor,2,1
 1884               		.comm textsize,1,1
 1885               		.comm rotation,1,1
 1886               		.comm wrap,1,1
 1887               		.comm st7735_width,1,1
 1888               		.comm st7735_height,1,1
 1969               	.Letext0:
DEFINED SYMBOLS
                            *ABS*:00000000 st7735_font.c
C:\DOCUME~1\ADMINI~1\LOCALS~1\Temp/ccGblehz.s:2      *ABS*:0000003f __SREG__
C:\DOCUME~1\ADMINI~1\LOCALS~1\Temp/ccGblehz.s:3      *ABS*:0000003e __SP_H__
C:\DOCUME~1\ADMINI~1\LOCALS~1\Temp/ccGblehz.s:4      *ABS*:0000003d __SP_L__
C:\DOCUME~1\ADMINI~1\LOCALS~1\Temp/ccGblehz.s:5      *ABS*:00000034 __CCP__
C:\DOCUME~1\ADMINI~1\LOCALS~1\Temp/ccGblehz.s:6      *ABS*:00000000 __tmp_reg__
C:\DOCUME~1\ADMINI~1\LOCALS~1\Temp/ccGblehz.s:7      *ABS*:00000001 __zero_reg__
C:\DOCUME~1\ADMINI~1\LOCALS~1\Temp/ccGblehz.s:18     .text:00000000 st7735_setCursor
                            *COM*:00000002 cursor_x
                            *COM*:00000002 cursor_y
C:\DOCUME~1\ADMINI~1\LOCALS~1\Temp/ccGblehz.s:37     .text:00000012 st7735_setTextSize
                            *COM*:00000001 textsize
C:\DOCUME~1\ADMINI~1\LOCALS~1\Temp/ccGblehz.s:57     .text:0000001e st7735_setTextColor
                            *COM*:00000002 textcolor
                            *COM*:00000002 textbgcolor
C:\DOCUME~1\ADMINI~1\LOCALS~1\Temp/ccGblehz.s:76     .text:00000030 st7735_setTextWrap
                            *COM*:00000001 wrap
C:\DOCUME~1\ADMINI~1\LOCALS~1\Temp/ccGblehz.s:91     .text:00000036 st7735_drawChar
                            *COM*:00000001 st7735_width
                            *COM*:00000001 st7735_height
C:\DOCUME~1\ADMINI~1\LOCALS~1\Temp/ccGblehz.s:602    .progmem.data:00000000 font
                            *COM*:00000001 rotation
C:\DOCUME~1\ADMINI~1\LOCALS~1\Temp/ccGblehz.s:436    .text:0000023c st7735_write
C:\DOCUME~1\ADMINI~1\LOCALS~1\Temp/ccGblehz.s:548    .text:00000320 st7735_printf
C:\DOCUME~1\ADMINI~1\LOCALS~1\Temp/ccGblehz.s:566    .text:0000032a st7735_print
                            *COM*:00000002 WIDTH
                            *COM*:00000002 HEIGHT

UNDEFINED SYMBOLS
st7735_fill_rect
st7735_draw_pixel
__do_clear_bss
