   1               		.file	"twimaster.c"
   2               	__SREG__ = 0x3f
   3               	__SP_H__ = 0x3e
   4               	__SP_L__ = 0x3d
   5               	__CCP__  = 0x34
   6               	__tmp_reg__ = 0
   7               	__zero_reg__ = 1
  15               	.Ltext0:
  16               	.global	i2c_init
  18               	i2c_init:
  19               	.LFB2:
  20               	.LM1:
  21               	/* prologue: function */
  22               	/* frame size = 0 */
  23               	.LM2:
  24 0000 1092 B900 		sts 185,__zero_reg__
  25               	.LM3:
  26 0004 8CE0      		ldi r24,lo8(12)
  27 0006 8093 B800 		sts 184,r24
  28               	/* epilogue start */
  29               	.LM4:
  30 000a 0895      		ret
  31               	.LFE2:
  33               	.global	i2c_start
  35               	i2c_start:
  36               	.LFB3:
  37               	.LM5:
  38               	.LVL0:
  39               	/* prologue: function */
  40               	/* frame size = 0 */
  41 000c 982F      		mov r25,r24
  42               	.LM6:
  43 000e 84EA      		ldi r24,lo8(-92)
  44               	.LVL1:
  45 0010 8093 BC00 		sts 188,r24
  46               	.L4:
  47               	.LM7:
  48 0014 8091 BC00 		lds r24,188
  49 0018 87FF      		sbrs r24,7
  50 001a 00C0      		rjmp .L4
  51               	.LM8:
  52 001c 8091 B900 		lds r24,185
  53               	.LVL2:
  54 0020 887F      		andi r24,lo8(-8)
  55               	.LM9:
  56 0022 8830      		cpi r24,lo8(8)
  57 0024 01F0      		breq .L5
  58 0026 8031      		cpi r24,lo8(16)
  59 0028 01F0      		breq .L5
  60 002a 81E0      		ldi r24,lo8(1)
  61               	.LVL3:
  62 002c 0895      		ret
  63               	.LVL4:
  64               	.L5:
  65               	.LM10:
  66 002e 9093 BB00 		sts 187,r25
  67               	.LM11:
  68 0032 84E8      		ldi r24,lo8(-124)
  69               	.LVL5:
  70 0034 8093 BC00 		sts 188,r24
  71               	.L7:
  72               	.LM12:
  73 0038 8091 BC00 		lds r24,188
  74 003c 87FF      		sbrs r24,7
  75 003e 00C0      		rjmp .L7
  76               	.LM13:
  77 0040 9091 B900 		lds r25,185
  78               	.LVL6:
  79 0044 987F      		andi r25,lo8(-8)
  80               	.LM14:
  81 0046 9831      		cpi r25,lo8(24)
  82 0048 01F0      		breq .L14
  83 004a 80E0      		ldi r24,lo8(0)
  84 004c 9034      		cpi r25,lo8(64)
  85 004e 01F0      		breq .L6
  86 0050 81E0      		ldi r24,lo8(1)
  87               	.L6:
  88               	.LM15:
  89 0052 0895      		ret
  90               	.L14:
  91               	.LM16:
  92 0054 80E0      		ldi r24,lo8(0)
  93 0056 0895      		ret
  94               	.LFE3:
  96               	.global	i2c_start_wait
  98               	i2c_start_wait:
  99               	.LFB4:
 100               	.LM17:
 101               	.LVL7:
 102               	/* prologue: function */
 103               	/* frame size = 0 */
 104 0058 982F      		mov r25,r24
 105               	.LM18:
 106 005a 24EA      		ldi r18,lo8(-92)
 107               	.LM19:
 108 005c 34E8      		ldi r19,lo8(-124)
 109               	.LM20:
 110 005e 44E9      		ldi r20,lo8(-108)
 111               	.LVL8:
 112               	.L29:
 113               	.LM21:
 114 0060 2093 BC00 		sts 188,r18
 115               	.L16:
 116               	.LM22:
 117 0064 8091 BC00 		lds r24,188
 118               	.LVL9:
 119 0068 87FF      		sbrs r24,7
 120 006a 00C0      		rjmp .L16
 121               	.LM23:
 122 006c 8091 B900 		lds r24,185
 123               	.LVL10:
 124 0070 887F      		andi r24,lo8(-8)
 125               	.LM24:
 126 0072 8830      		cpi r24,lo8(8)
 127 0074 01F0      		breq .L17
 128 0076 8031      		cpi r24,lo8(16)
 129 0078 01F4      		brne .L29
 130               	.L17:
 131               	.LM25:
 132 007a 9093 BB00 		sts 187,r25
 133               	.LM26:
 134 007e 3093 BC00 		sts 188,r19
 135               	.L19:
 136               	.LM27:
 137 0082 8091 BC00 		lds r24,188
 138               	.LVL11:
 139 0086 87FF      		sbrs r24,7
 140 0088 00C0      		rjmp .L19
 141               	.LM28:
 142 008a 8091 B900 		lds r24,185
 143               	.LVL12:
 144 008e 887F      		andi r24,lo8(-8)
 145               	.LM29:
 146 0090 8032      		cpi r24,lo8(32)
 147 0092 01F0      		breq .L20
 148 0094 8835      		cpi r24,lo8(88)
 149 0096 01F4      		brne .L23
 150               	.L20:
 151               	.LM30:
 152 0098 4093 BC00 		sts 188,r20
 153               	.L22:
 154               	.LM31:
 155 009c 8091 BC00 		lds r24,188
 156               	.LVL13:
 157 00a0 84FD      		sbrc r24,4
 158 00a2 00C0      		rjmp .L22
 159 00a4 00C0      		rjmp .L29
 160               	.LVL14:
 161               	.L23:
 162 00a6 0895      		ret
 163               	.LFE4:
 165               	.global	i2c_rep_start
 167               	i2c_rep_start:
 168               	.LFB5:
 169               	.LM32:
 170               	.LVL15:
 171               	/* prologue: function */
 172               	/* frame size = 0 */
 173               	.LM33:
 174 00a8 0E94 0000 		call i2c_start
 175               	.LVL16:
 176               	/* epilogue start */
 177               	.LM34:
 178 00ac 0895      		ret
 179               	.LFE5:
 181               	.global	i2c_stop
 183               	i2c_stop:
 184               	.LFB6:
 185               	.LM35:
 186               	/* prologue: function */
 187               	/* frame size = 0 */
 188               	.LM36:
 189 00ae 84E9      		ldi r24,lo8(-108)
 190 00b0 8093 BC00 		sts 188,r24
 191               	.L33:
 192               	.LM37:
 193 00b4 8091 BC00 		lds r24,188
 194 00b8 84FD      		sbrc r24,4
 195 00ba 00C0      		rjmp .L33
 196               	/* epilogue start */
 197               	.LM38:
 198 00bc 0895      		ret
 199               	.LFE6:
 201               	.global	i2c_write
 203               	i2c_write:
 204               	.LFB7:
 205               	.LM39:
 206               	.LVL17:
 207               	/* prologue: function */
 208               	/* frame size = 0 */
 209               	.LM40:
 210 00be 8093 BB00 		sts 187,r24
 211               	.LM41:
 212 00c2 84E8      		ldi r24,lo8(-124)
 213               	.LVL18:
 214 00c4 8093 BC00 		sts 188,r24
 215               	.L37:
 216               	.LM42:
 217 00c8 8091 BC00 		lds r24,188
 218 00cc 87FF      		sbrs r24,7
 219 00ce 00C0      		rjmp .L37
 220               	.LM43:
 221 00d0 8091 B900 		lds r24,185
 222 00d4 90E0      		ldi r25,lo8(0)
 223 00d6 887F      		andi r24,lo8(-8)
 224 00d8 8832      		cpi r24,lo8(40)
 225 00da 01F0      		breq .L38
 226 00dc 91E0      		ldi r25,lo8(1)
 227               	.L38:
 228               	.LM44:
 229 00de 892F      		mov r24,r25
 230               	/* epilogue start */
 231 00e0 0895      		ret
 232               	.LFE7:
 234               	.global	i2c_readAck
 236               	i2c_readAck:
 237               	.LFB8:
 238               	.LM45:
 239               	/* prologue: function */
 240               	/* frame size = 0 */
 241               	.LM46:
 242 00e2 84EC      		ldi r24,lo8(-60)
 243 00e4 8093 BC00 		sts 188,r24
 244               	.L42:
 245               	.LM47:
 246 00e8 8091 BC00 		lds r24,188
 247 00ec 87FF      		sbrs r24,7
 248 00ee 00C0      		rjmp .L42
 249               	.LM48:
 250 00f0 8091 BB00 		lds r24,187
 251               	/* epilogue start */
 252               	.LM49:
 253 00f4 0895      		ret
 254               	.LFE8:
 256               	.global	i2c_readNak
 258               	i2c_readNak:
 259               	.LFB9:
 260               	.LM50:
 261               	/* prologue: function */
 262               	/* frame size = 0 */
 263               	.LM51:
 264 00f6 84E8      		ldi r24,lo8(-124)
 265 00f8 8093 BC00 		sts 188,r24
 266               	.L46:
 267               	.LM52:
 268 00fc 8091 BC00 		lds r24,188
 269 0100 87FF      		sbrs r24,7
 270 0102 00C0      		rjmp .L46
 271               	.LM53:
 272 0104 8091 BB00 		lds r24,187
 273               	/* epilogue start */
 274               	.LM54:
 275 0108 0895      		ret
 276               	.LFE9:
 358               	.Letext0:
DEFINED SYMBOLS
                            *ABS*:00000000 twimaster.c
C:\DOCUME~1\ADMINI~1\LOCALS~1\Temp/ccSgFOOf.s:2      *ABS*:0000003f __SREG__
C:\DOCUME~1\ADMINI~1\LOCALS~1\Temp/ccSgFOOf.s:3      *ABS*:0000003e __SP_H__
C:\DOCUME~1\ADMINI~1\LOCALS~1\Temp/ccSgFOOf.s:4      *ABS*:0000003d __SP_L__
C:\DOCUME~1\ADMINI~1\LOCALS~1\Temp/ccSgFOOf.s:5      *ABS*:00000034 __CCP__
C:\DOCUME~1\ADMINI~1\LOCALS~1\Temp/ccSgFOOf.s:6      *ABS*:00000000 __tmp_reg__
C:\DOCUME~1\ADMINI~1\LOCALS~1\Temp/ccSgFOOf.s:7      *ABS*:00000001 __zero_reg__
C:\DOCUME~1\ADMINI~1\LOCALS~1\Temp/ccSgFOOf.s:18     .text:00000000 i2c_init
C:\DOCUME~1\ADMINI~1\LOCALS~1\Temp/ccSgFOOf.s:35     .text:0000000c i2c_start
C:\DOCUME~1\ADMINI~1\LOCALS~1\Temp/ccSgFOOf.s:98     .text:00000058 i2c_start_wait
C:\DOCUME~1\ADMINI~1\LOCALS~1\Temp/ccSgFOOf.s:167    .text:000000a8 i2c_rep_start
C:\DOCUME~1\ADMINI~1\LOCALS~1\Temp/ccSgFOOf.s:183    .text:000000ae i2c_stop
C:\DOCUME~1\ADMINI~1\LOCALS~1\Temp/ccSgFOOf.s:203    .text:000000be i2c_write
C:\DOCUME~1\ADMINI~1\LOCALS~1\Temp/ccSgFOOf.s:236    .text:000000e2 i2c_readAck
C:\DOCUME~1\ADMINI~1\LOCALS~1\Temp/ccSgFOOf.s:258    .text:000000f6 i2c_readNak

NO UNDEFINED SYMBOLS
